2023-03-10T00:04:43.280+01:00  INFO 26224 --- [main] com.backend.BackendApplication           : Starting BackendApplication using Java 17.0.6 with PID 26224 (C:\Users\Admin\Desktop\vfaRecuritment_Main\IV1201-Design-of-Global-Applications\services\gateway\target\classes started by Admin in C:\Users\Admin\Desktop\vfaRecuritment_Main\IV1201-Design-of-Global-Applications)
2023-03-10T00:04:43.315+01:00  INFO 26224 --- [main] com.backend.BackendApplication           : No active profile set, falling back to 1 default profile: "default"
2023-03-10T00:04:44.861+01:00  INFO 26224 --- [main] .s.d.r.c.RepositoryConfigurationDelegate : Bootstrapping Spring Data JPA repositories in DEFAULT mode.
2023-03-10T00:04:45.164+01:00  INFO 26224 --- [main] .s.d.r.c.RepositoryConfigurationDelegate : Finished Spring Data repository scanning in 248 ms. Found 5 JPA repository interfaces.
2023-03-10T00:04:47.555+01:00  INFO 26224 --- [main] o.s.b.w.embedded.tomcat.TomcatWebServer  : Tomcat initialized with port(s): 8080 (http)
2023-03-10T00:04:47.584+01:00  INFO 26224 --- [main] o.apache.catalina.core.StandardService   : Starting service [Tomcat]
2023-03-10T00:04:47.585+01:00  INFO 26224 --- [main] o.apache.catalina.core.StandardEngine    : Starting Servlet engine: [Apache Tomcat/10.1.4]
2023-03-10T00:04:47.878+01:00  INFO 26224 --- [main] o.a.c.c.C.[Tomcat].[localhost].[/]       : Initializing Spring embedded WebApplicationContext
2023-03-10T00:04:47.879+01:00  INFO 26224 --- [main] w.s.c.ServletWebServerApplicationContext : Root WebApplicationContext: initialization completed in 4338 ms
2023-03-10T00:04:48.374+01:00  INFO 26224 --- [main] o.hibernate.jpa.internal.util.LogHelper  : HHH000204: Processing PersistenceUnitInfo [name: default]
2023-03-10T00:04:48.532+01:00  INFO 26224 --- [main] org.hibernate.Version                    : HHH000412: Hibernate ORM core version 6.1.6.Final
2023-03-10T00:04:48.886+01:00  WARN 26224 --- [main] org.hibernate.orm.deprecation            : HHH90000021: Encountered deprecated setting [javax.persistence.sharedCache.mode], use [jakarta.persistence.sharedCache.mode] instead
2023-03-10T00:04:49.103+01:00  INFO 26224 --- [main] com.zaxxer.hikari.HikariDataSource       : HikariPool-1 - Starting...
2023-03-10T00:04:49.391+01:00  INFO 26224 --- [main] com.zaxxer.hikari.pool.HikariPool        : HikariPool-1 - Added connection com.mysql.cj.jdbc.ConnectionImpl@6546371
2023-03-10T00:04:49.396+01:00  INFO 26224 --- [main] com.zaxxer.hikari.HikariDataSource       : HikariPool-1 - Start completed.
2023-03-10T00:04:49.509+01:00  INFO 26224 --- [main] SQL dialect                              : HHH000400: Using dialect: org.hibernate.dialect.MySQLDialect
2023-03-10T00:04:50.124+01:00  WARN 26224 --- [main] org.hibernate.id.UUIDHexGenerator        : HHH000409: Using org.hibernate.id.UUIDHexGenerator which does not generate IETF RFC 4122 compliant UUID values; consider using org.hibernate.id.UUIDGenerator instead
2023-03-10T00:04:51.715+01:00  INFO 26224 --- [main] o.h.e.t.j.p.i.JtaPlatformInitiator       : HHH000490: Using JtaPlatform implementation: [org.hibernate.engine.transaction.jta.platform.internal.NoJtaPlatform]
2023-03-10T00:04:51.743+01:00  INFO 26224 --- [main] j.LocalContainerEntityManagerFactoryBean : Initialized JPA EntityManagerFactory for persistence unit 'default'
2023-03-10T00:04:55.913+01:00  WARN 26224 --- [main] ConfigServletWebServerApplicationContext : Exception encountered during context initialization - cancelling refresh attempt: org.springframework.beans.factory.UnsatisfiedDependencyException: Error creating bean with name 'competenceProfileController': Unsatisfied dependency expressed through field 'repository': Error creating bean with name 'competenceProfileRepository' defined in com.backend.repository.CompetenceProfileRepository defined in @EnableJpaRepositories declared on BackendApplication: Could not create query for public abstract void com.backend.repository.CompetenceProfileRepository.deleteByNameOfCompetence(java.lang.String); Reason: Failed to create query for method public abstract void com.backend.repository.CompetenceProfileRepository.deleteByNameOfCompetence(java.lang.String); No property 'nameOfCompetence' found for type 'CompetenceProfile'
2023-03-10T00:04:55.927+01:00  INFO 26224 --- [main] j.LocalContainerEntityManagerFactoryBean : Closing JPA EntityManagerFactory for persistence unit 'default'
2023-03-10T00:04:55.942+01:00  INFO 26224 --- [main] com.zaxxer.hikari.HikariDataSource       : HikariPool-1 - Shutdown initiated...
2023-03-10T00:04:55.973+01:00  INFO 26224 --- [main] com.zaxxer.hikari.HikariDataSource       : HikariPool-1 - Shutdown completed.
2023-03-10T00:04:55.979+01:00  INFO 26224 --- [main] o.apache.catalina.core.StandardService   : Stopping service [Tomcat]
2023-03-10T00:04:56.011+01:00  INFO 26224 --- [main] .s.b.a.l.ConditionEvaluationReportLogger : 

Error starting ApplicationContext. To display the condition evaluation report re-run your application with 'debug' enabled.
2023-03-10T00:04:56.101+01:00 ERROR 26224 --- [main] o.s.boot.SpringApplication               : Application run failed

org.springframework.beans.factory.UnsatisfiedDependencyException: Error creating bean with name 'competenceProfileController': Unsatisfied dependency expressed through field 'repository': Error creating bean with name 'competenceProfileRepository' defined in com.backend.repository.CompetenceProfileRepository defined in @EnableJpaRepositories declared on BackendApplication: Could not create query for public abstract void com.backend.repository.CompetenceProfileRepository.deleteByNameOfCompetence(java.lang.String); Reason: Failed to create query for method public abstract void com.backend.repository.CompetenceProfileRepository.deleteByNameOfCompetence(java.lang.String); No property 'nameOfCompetence' found for type 'CompetenceProfile'
	at org.springframework.beans.factory.annotation.AutowiredAnnotationBeanPostProcessor$AutowiredFieldElement.resolveFieldValue(AutowiredAnnotationBeanPostProcessor.java:712) ~[spring-beans-6.0.3.jar:6.0.3]
	at org.springframework.beans.factory.annotation.AutowiredAnnotationBeanPostProcessor$AutowiredFieldElement.inject(AutowiredAnnotationBeanPostProcessor.java:692) ~[spring-beans-6.0.3.jar:6.0.3]
	at org.springframework.beans.factory.annotation.InjectionMetadata.inject(InjectionMetadata.java:127) ~[spring-beans-6.0.3.jar:6.0.3]
	at org.springframework.beans.factory.annotation.AutowiredAnnotationBeanPostProcessor.postProcessProperties(AutowiredAnnotationBeanPostProcessor.java:481) ~[spring-beans-6.0.3.jar:6.0.3]
	at org.springframework.beans.factory.support.AbstractAutowireCapableBeanFactory.populateBean(AbstractAutowireCapableBeanFactory.java:1397) ~[spring-beans-6.0.3.jar:6.0.3]
	at org.springframework.beans.factory.support.AbstractAutowireCapableBeanFactory.doCreateBean(AbstractAutowireCapableBeanFactory.java:598) ~[spring-beans-6.0.3.jar:6.0.3]
	at org.springframework.beans.factory.support.AbstractAutowireCapableBeanFactory.createBean(AbstractAutowireCapableBeanFactory.java:521) ~[spring-beans-6.0.3.jar:6.0.3]
	at org.springframework.beans.factory.support.AbstractBeanFactory.lambda$doGetBean$0(AbstractBeanFactory.java:326) ~[spring-beans-6.0.3.jar:6.0.3]
	at org.springframework.beans.factory.support.DefaultSingletonBeanRegistry.getSingleton(DefaultSingletonBeanRegistry.java:234) ~[spring-beans-6.0.3.jar:6.0.3]
	at org.springframework.beans.factory.support.AbstractBeanFactory.doGetBean(AbstractBeanFactory.java:324) ~[spring-beans-6.0.3.jar:6.0.3]
	at org.springframework.beans.factory.support.AbstractBeanFactory.getBean(AbstractBeanFactory.java:200) ~[spring-beans-6.0.3.jar:6.0.3]
	at org.springframework.beans.factory.support.DefaultListableBeanFactory.preInstantiateSingletons(DefaultListableBeanFactory.java:961) ~[spring-beans-6.0.3.jar:6.0.3]
	at org.springframework.context.support.AbstractApplicationContext.finishBeanFactoryInitialization(AbstractApplicationContext.java:915) ~[spring-context-6.0.3.jar:6.0.3]
	at org.springframework.context.support.AbstractApplicationContext.refresh(AbstractApplicationContext.java:584) ~[spring-context-6.0.3.jar:6.0.3]
	at org.springframework.boot.web.servlet.context.ServletWebServerApplicationContext.refresh(ServletWebServerApplicationContext.java:146) ~[spring-boot-3.0.1.jar:3.0.1]
	at org.springframework.boot.SpringApplication.refresh(SpringApplication.java:730) ~[spring-boot-3.0.1.jar:3.0.1]
	at org.springframework.boot.SpringApplication.refreshContext(SpringApplication.java:432) ~[spring-boot-3.0.1.jar:3.0.1]
	at org.springframework.boot.SpringApplication.run(SpringApplication.java:308) ~[spring-boot-3.0.1.jar:3.0.1]
	at org.springframework.boot.SpringApplication.run(SpringApplication.java:1302) ~[spring-boot-3.0.1.jar:3.0.1]
	at org.springframework.boot.SpringApplication.run(SpringApplication.java:1291) ~[spring-boot-3.0.1.jar:3.0.1]
	at com.backend.BackendApplication.main(BackendApplication.java:17) ~[classes/:na]
Caused by: org.springframework.beans.factory.BeanCreationException: Error creating bean with name 'competenceProfileRepository' defined in com.backend.repository.CompetenceProfileRepository defined in @EnableJpaRepositories declared on BackendApplication: Could not create query for public abstract void com.backend.repository.CompetenceProfileRepository.deleteByNameOfCompetence(java.lang.String); Reason: Failed to create query for method public abstract void com.backend.repository.CompetenceProfileRepository.deleteByNameOfCompetence(java.lang.String); No property 'nameOfCompetence' found for type 'CompetenceProfile'
	at org.springframework.beans.factory.support.AbstractAutowireCapableBeanFactory.initializeBean(AbstractAutowireCapableBeanFactory.java:1751) ~[spring-beans-6.0.3.jar:6.0.3]
	at org.springframework.beans.factory.support.AbstractAutowireCapableBeanFactory.doCreateBean(AbstractAutowireCapableBeanFactory.java:599) ~[spring-beans-6.0.3.jar:6.0.3]
	at org.springframework.beans.factory.support.AbstractAutowireCapableBeanFactory.createBean(AbstractAutowireCapableBeanFactory.java:521) ~[spring-beans-6.0.3.jar:6.0.3]
	at org.springframework.beans.factory.support.AbstractBeanFactory.lambda$doGetBean$0(AbstractBeanFactory.java:326) ~[spring-beans-6.0.3.jar:6.0.3]
	at org.springframework.beans.factory.support.DefaultSingletonBeanRegistry.getSingleton(DefaultSingletonBeanRegistry.java:234) ~[spring-beans-6.0.3.jar:6.0.3]
	at org.springframework.beans.factory.support.AbstractBeanFactory.doGetBean(AbstractBeanFactory.java:324) ~[spring-beans-6.0.3.jar:6.0.3]
	at org.springframework.beans.factory.support.AbstractBeanFactory.getBean(AbstractBeanFactory.java:200) ~[spring-beans-6.0.3.jar:6.0.3]
	at org.springframework.beans.factory.config.DependencyDescriptor.resolveCandidate(DependencyDescriptor.java:254) ~[spring-beans-6.0.3.jar:6.0.3]
	at org.springframework.beans.factory.support.DefaultListableBeanFactory.doResolveDependency(DefaultListableBeanFactory.java:1405) ~[spring-beans-6.0.3.jar:6.0.3]
	at org.springframework.beans.factory.support.DefaultListableBeanFactory.resolveDependency(DefaultListableBeanFactory.java:1325) ~[spring-beans-6.0.3.jar:6.0.3]
	at org.springframework.beans.factory.annotation.AutowiredAnnotationBeanPostProcessor$AutowiredFieldElement.resolveFieldValue(AutowiredAnnotationBeanPostProcessor.java:709) ~[spring-beans-6.0.3.jar:6.0.3]
	... 20 common frames omitted
Caused by: org.springframework.data.repository.query.QueryCreationException: Could not create query for public abstract void com.backend.repository.CompetenceProfileRepository.deleteByNameOfCompetence(java.lang.String); Reason: Failed to create query for method public abstract void com.backend.repository.CompetenceProfileRepository.deleteByNameOfCompetence(java.lang.String); No property 'nameOfCompetence' found for type 'CompetenceProfile'
	at org.springframework.data.repository.query.QueryCreationException.create(QueryCreationException.java:101) ~[spring-data-commons-3.0.0.jar:3.0.0]
	at org.springframework.data.repository.core.support.QueryExecutorMethodInterceptor.lookupQuery(QueryExecutorMethodInterceptor.java:115) ~[spring-data-commons-3.0.0.jar:3.0.0]
	at org.springframework.data.repository.core.support.QueryExecutorMethodInterceptor.mapMethodsToQuery(QueryExecutorMethodInterceptor.java:99) ~[spring-data-commons-3.0.0.jar:3.0.0]
	at org.springframework.data.repository.core.support.QueryExecutorMethodInterceptor.lambda$new$0(QueryExecutorMethodInterceptor.java:88) ~[spring-data-commons-3.0.0.jar:3.0.0]
	at java.base/java.util.Optional.map(Unknown Source) ~[na:na]
	at org.springframework.data.repository.core.support.QueryExecutorMethodInterceptor.<init>(QueryExecutorMethodInterceptor.java:88) ~[spring-data-commons-3.0.0.jar:3.0.0]
	at org.springframework.data.repository.core.support.RepositoryFactorySupport.getRepository(RepositoryFactorySupport.java:357) ~[spring-data-commons-3.0.0.jar:3.0.0]
	at org.springframework.data.repository.core.support.RepositoryFactoryBeanSupport.lambda$afterPropertiesSet$5(RepositoryFactoryBeanSupport.java:279) ~[spring-data-commons-3.0.0.jar:3.0.0]
	at org.springframework.data.util.Lazy.getNullable(Lazy.java:229) ~[spring-data-commons-3.0.0.jar:3.0.0]
	at org.springframework.data.util.Lazy.get(Lazy.java:113) ~[spring-data-commons-3.0.0.jar:3.0.0]
	at org.springframework.data.repository.core.support.RepositoryFactoryBeanSupport.afterPropertiesSet(RepositoryFactoryBeanSupport.java:285) ~[spring-data-commons-3.0.0.jar:3.0.0]
	at org.springframework.data.jpa.repository.support.JpaRepositoryFactoryBean.afterPropertiesSet(JpaRepositoryFactoryBean.java:132) ~[spring-data-jpa-3.0.0.jar:3.0.0]
	at org.springframework.beans.factory.support.AbstractAutowireCapableBeanFactory.invokeInitMethods(AbstractAutowireCapableBeanFactory.java:1797) ~[spring-beans-6.0.3.jar:6.0.3]
	at org.springframework.beans.factory.support.AbstractAutowireCapableBeanFactory.initializeBean(AbstractAutowireCapableBeanFactory.java:1747) ~[spring-beans-6.0.3.jar:6.0.3]
	... 30 common frames omitted
Caused by: java.lang.IllegalArgumentException: Failed to create query for method public abstract void com.backend.repository.CompetenceProfileRepository.deleteByNameOfCompetence(java.lang.String); No property 'nameOfCompetence' found for type 'CompetenceProfile'
	at org.springframework.data.jpa.repository.query.PartTreeJpaQuery.<init>(PartTreeJpaQuery.java:96) ~[spring-data-jpa-3.0.0.jar:3.0.0]
	at org.springframework.data.jpa.repository.query.JpaQueryLookupStrategy$CreateQueryLookupStrategy.resolveQuery(JpaQueryLookupStrategy.java:124) ~[spring-data-jpa-3.0.0.jar:3.0.0]
	at org.springframework.data.jpa.repository.query.JpaQueryLookupStrategy$CreateIfNotFoundQueryLookupStrategy.resolveQuery(JpaQueryLookupStrategy.java:258) ~[spring-data-jpa-3.0.0.jar:3.0.0]
	at org.springframework.data.jpa.repository.query.JpaQueryLookupStrategy$AbstractQueryLookupStrategy.resolveQuery(JpaQueryLookupStrategy.java:95) ~[spring-data-jpa-3.0.0.jar:3.0.0]
	at org.springframework.data.repository.core.support.QueryExecutorMethodInterceptor.lookupQuery(QueryExecutorMethodInterceptor.java:111) ~[spring-data-commons-3.0.0.jar:3.0.0]
	... 42 common frames omitted
Caused by: org.springframework.data.mapping.PropertyReferenceException: No property 'nameOfCompetence' found for type 'CompetenceProfile'
	at org.springframework.data.mapping.PropertyPath.<init>(PropertyPath.java:90) ~[spring-data-commons-3.0.0.jar:3.0.0]
	at org.springframework.data.mapping.PropertyPath.create(PropertyPath.java:423) ~[spring-data-commons-3.0.0.jar:3.0.0]
	at org.springframework.data.mapping.PropertyPath.create(PropertyPath.java:399) ~[spring-data-commons-3.0.0.jar:3.0.0]
	at org.springframework.data.mapping.PropertyPath.lambda$from$0(PropertyPath.java:352) ~[spring-data-commons-3.0.0.jar:3.0.0]
	at java.base/java.util.concurrent.ConcurrentMap.computeIfAbsent(Unknown Source) ~[na:na]
	at org.springframework.data.mapping.PropertyPath.from(PropertyPath.java:334) ~[spring-data-commons-3.0.0.jar:3.0.0]
	at org.springframework.data.mapping.PropertyPath.from(PropertyPath.java:317) ~[spring-data-commons-3.0.0.jar:3.0.0]
	at org.springframework.data.repository.query.parser.Part.<init>(Part.java:81) ~[spring-data-commons-3.0.0.jar:3.0.0]
	at org.springframework.data.repository.query.parser.PartTree$OrPart.lambda$new$0(PartTree.java:242) ~[spring-data-commons-3.0.0.jar:3.0.0]
	at java.base/java.util.stream.ReferencePipeline$3$1.accept(Unknown Source) ~[na:na]
	at java.base/java.util.stream.ReferencePipeline$2$1.accept(Unknown Source) ~[na:na]
	at java.base/java.util.Spliterators$ArraySpliterator.forEachRemaining(Unknown Source) ~[na:na]
	at java.base/java.util.stream.AbstractPipeline.copyInto(Unknown Source) ~[na:na]
	at java.base/java.util.stream.AbstractPipeline.wrapAndCopyInto(Unknown Source) ~[na:na]
	at java.base/java.util.stream.ReduceOps$ReduceOp.evaluateSequential(Unknown Source) ~[na:na]
	at java.base/java.util.stream.AbstractPipeline.evaluate(Unknown Source) ~[na:na]
	at java.base/java.util.stream.ReferencePipeline.collect(Unknown Source) ~[na:na]
	at org.springframework.data.repository.query.parser.PartTree$OrPart.<init>(PartTree.java:243) ~[spring-data-commons-3.0.0.jar:3.0.0]
	at org.springframework.data.repository.query.parser.PartTree$Predicate.lambda$new$0(PartTree.java:372) ~[spring-data-commons-3.0.0.jar:3.0.0]
	at java.base/java.util.stream.ReferencePipeline$3$1.accept(Unknown Source) ~[na:na]
	at java.base/java.util.stream.ReferencePipeline$2$1.accept(Unknown Source) ~[na:na]
	at java.base/java.util.Spliterators$ArraySpliterator.forEachRemaining(Unknown Source) ~[na:na]
	at java.base/java.util.stream.AbstractPipeline.copyInto(Unknown Source) ~[na:na]
	at java.base/java.util.stream.AbstractPipeline.wrapAndCopyInto(Unknown Source) ~[na:na]
	at java.base/java.util.stream.ReduceOps$ReduceOp.evaluateSequential(Unknown Source) ~[na:na]
	at java.base/java.util.stream.AbstractPipeline.evaluate(Unknown Source) ~[na:na]
	at java.base/java.util.stream.ReferencePipeline.collect(Unknown Source) ~[na:na]
	at org.springframework.data.repository.query.parser.PartTree$Predicate.<init>(PartTree.java:373) ~[spring-data-commons-3.0.0.jar:3.0.0]
	at org.springframework.data.repository.query.parser.PartTree.<init>(PartTree.java:96) ~[spring-data-commons-3.0.0.jar:3.0.0]
	at org.springframework.data.jpa.repository.query.PartTreeJpaQuery.<init>(PartTreeJpaQuery.java:89) ~[spring-data-jpa-3.0.0.jar:3.0.0]
	... 46 common frames omitted

2023-03-10T00:06:59.109+01:00  INFO 24132 --- [main] com.backend.BackendApplication           : Starting BackendApplication using Java 17.0.6 with PID 24132 (C:\Users\Admin\Desktop\vfaRecuritment_Main\IV1201-Design-of-Global-Applications\services\gateway\target\classes started by Admin in C:\Users\Admin\Desktop\vfaRecuritment_Main\IV1201-Design-of-Global-Applications)
2023-03-10T00:06:59.129+01:00  INFO 24132 --- [main] com.backend.BackendApplication           : No active profile set, falling back to 1 default profile: "default"
2023-03-10T00:07:00.508+01:00  INFO 24132 --- [main] .s.d.r.c.RepositoryConfigurationDelegate : Bootstrapping Spring Data JPA repositories in DEFAULT mode.
2023-03-10T00:07:00.688+01:00  INFO 24132 --- [main] .s.d.r.c.RepositoryConfigurationDelegate : Finished Spring Data repository scanning in 164 ms. Found 5 JPA repository interfaces.
2023-03-10T00:07:03.696+01:00  INFO 24132 --- [main] o.s.b.w.embedded.tomcat.TomcatWebServer  : Tomcat initialized with port(s): 8080 (http)
2023-03-10T00:07:03.725+01:00  INFO 24132 --- [main] o.apache.catalina.core.StandardService   : Starting service [Tomcat]
2023-03-10T00:07:03.726+01:00  INFO 24132 --- [main] o.apache.catalina.core.StandardEngine    : Starting Servlet engine: [Apache Tomcat/10.1.4]
2023-03-10T00:07:03.950+01:00  INFO 24132 --- [main] o.a.c.c.C.[Tomcat].[localhost].[/]       : Initializing Spring embedded WebApplicationContext
2023-03-10T00:07:03.952+01:00  INFO 24132 --- [main] w.s.c.ServletWebServerApplicationContext : Root WebApplicationContext: initialization completed in 4634 ms
2023-03-10T00:07:04.439+01:00  INFO 24132 --- [main] o.hibernate.jpa.internal.util.LogHelper  : HHH000204: Processing PersistenceUnitInfo [name: default]
2023-03-10T00:07:04.603+01:00  INFO 24132 --- [main] org.hibernate.Version                    : HHH000412: Hibernate ORM core version 6.1.6.Final
2023-03-10T00:07:04.861+01:00  WARN 24132 --- [main] org.hibernate.orm.deprecation            : HHH90000021: Encountered deprecated setting [javax.persistence.sharedCache.mode], use [jakarta.persistence.sharedCache.mode] instead
2023-03-10T00:07:05.069+01:00  INFO 24132 --- [main] com.zaxxer.hikari.HikariDataSource       : HikariPool-1 - Starting...
2023-03-10T00:07:05.321+01:00  INFO 24132 --- [main] com.zaxxer.hikari.pool.HikariPool        : HikariPool-1 - Added connection com.mysql.cj.jdbc.ConnectionImpl@fe42a09
2023-03-10T00:07:05.324+01:00  INFO 24132 --- [main] com.zaxxer.hikari.HikariDataSource       : HikariPool-1 - Start completed.
2023-03-10T00:07:05.461+01:00  INFO 24132 --- [main] SQL dialect                              : HHH000400: Using dialect: org.hibernate.dialect.MySQLDialect
2023-03-10T00:07:06.084+01:00  WARN 24132 --- [main] org.hibernate.id.UUIDHexGenerator        : HHH000409: Using org.hibernate.id.UUIDHexGenerator which does not generate IETF RFC 4122 compliant UUID values; consider using org.hibernate.id.UUIDGenerator instead
2023-03-10T00:07:07.550+01:00  INFO 24132 --- [main] o.h.e.t.j.p.i.JtaPlatformInitiator       : HHH000490: Using JtaPlatform implementation: [org.hibernate.engine.transaction.jta.platform.internal.NoJtaPlatform]
2023-03-10T00:07:07.569+01:00  INFO 24132 --- [main] j.LocalContainerEntityManagerFactoryBean : Initialized JPA EntityManagerFactory for persistence unit 'default'
2023-03-10T00:07:10.864+01:00  WARN 24132 --- [main] JpaBaseConfiguration$JpaWebConfiguration : spring.jpa.open-in-view is enabled by default. Therefore, database queries may be performed during view rendering. Explicitly configure spring.jpa.open-in-view to disable this warning
2023-03-10T00:07:12.091+01:00  INFO 24132 --- [main] o.s.s.web.DefaultSecurityFilterChain     : Will secure any request with [org.springframework.security.web.session.DisableEncodeUrlFilter@4468ced2, org.springframework.security.web.context.request.async.WebAsyncManagerIntegrationFilter@21f421b8, org.springframework.security.web.context.SecurityContextHolderFilter@72e9f0f7, org.springframework.security.web.header.HeaderWriterFilter@52f71d2, org.springframework.web.filter.CorsFilter@4e3bc13b, org.springframework.security.web.authentication.logout.LogoutFilter@32f2de5c, com.backend.security.config.JwtRequestFilter@1add90e0, org.springframework.security.web.authentication.www.BasicAuthenticationFilter@5aa461, org.springframework.security.web.savedrequest.RequestCacheAwareFilter@1db7a4ae, org.springframework.security.web.servletapi.SecurityContextHolderAwareRequestFilter@7a0f1f9d, org.springframework.security.web.authentication.AnonymousAuthenticationFilter@2c989d82, org.springframework.security.web.session.SessionManagementFilter@7894a250, org.springframework.security.web.access.ExceptionTranslationFilter@650a0b50, org.springframework.security.web.access.intercept.AuthorizationFilter@40273969]
2023-03-10T00:07:12.207+01:00  WARN 24132 --- [main] o.s.s.c.a.web.builders.WebSecurity       : 

********************************************************************
**********        Security debugging is enabled.       *************
**********    This may include sensitive information.  *************
**********      Do not use in a production system!     *************
********************************************************************


2023-03-10T00:07:13.328+01:00  INFO 24132 --- [main] o.s.b.w.embedded.tomcat.TomcatWebServer  : Tomcat started on port(s): 8080 (http) with context path ''
2023-03-10T00:07:13.366+01:00  INFO 24132 --- [main] com.backend.BackendApplication           : Started BackendApplication in 15.657 seconds (process running for 16.69)
2023-03-10T00:30:20.960+01:00  INFO 29248 --- [main] com.backend.BackendApplication           : Starting BackendApplication using Java 17.0.6 with PID 29248 (C:\Users\Admin\Desktop\vfaRecuritment_Main\IV1201-Design-of-Global-Applications\services\gateway\target\classes started by Admin in C:\Users\Admin\Desktop\vfaRecuritment_Main\IV1201-Design-of-Global-Applications)
2023-03-10T00:30:20.990+01:00  INFO 29248 --- [main] com.backend.BackendApplication           : No active profile set, falling back to 1 default profile: "default"
2023-03-10T00:30:22.738+01:00  INFO 29248 --- [main] .s.d.r.c.RepositoryConfigurationDelegate : Bootstrapping Spring Data JPA repositories in DEFAULT mode.
2023-03-10T00:30:22.924+01:00  INFO 29248 --- [main] .s.d.r.c.RepositoryConfigurationDelegate : Finished Spring Data repository scanning in 164 ms. Found 5 JPA repository interfaces.
2023-03-10T00:30:26.300+01:00  INFO 29248 --- [main] o.s.b.w.embedded.tomcat.TomcatWebServer  : Tomcat initialized with port(s): 8080 (http)
2023-03-10T00:30:26.337+01:00  INFO 29248 --- [main] o.apache.catalina.core.StandardService   : Starting service [Tomcat]
2023-03-10T00:30:26.339+01:00  INFO 29248 --- [main] o.apache.catalina.core.StandardEngine    : Starting Servlet engine: [Apache Tomcat/10.1.4]
2023-03-10T00:30:26.685+01:00  INFO 29248 --- [main] o.a.c.c.C.[Tomcat].[localhost].[/]       : Initializing Spring embedded WebApplicationContext
2023-03-10T00:30:26.688+01:00  INFO 29248 --- [main] w.s.c.ServletWebServerApplicationContext : Root WebApplicationContext: initialization completed in 5446 ms
2023-03-10T00:30:27.515+01:00  INFO 29248 --- [main] o.hibernate.jpa.internal.util.LogHelper  : HHH000204: Processing PersistenceUnitInfo [name: default]
2023-03-10T00:30:27.710+01:00  INFO 29248 --- [main] org.hibernate.Version                    : HHH000412: Hibernate ORM core version 6.1.6.Final
2023-03-10T00:30:28.097+01:00  WARN 29248 --- [main] org.hibernate.orm.deprecation            : HHH90000021: Encountered deprecated setting [javax.persistence.sharedCache.mode], use [jakarta.persistence.sharedCache.mode] instead
2023-03-10T00:30:28.401+01:00  INFO 29248 --- [main] com.zaxxer.hikari.HikariDataSource       : HikariPool-1 - Starting...
2023-03-10T00:30:28.781+01:00  INFO 29248 --- [main] com.zaxxer.hikari.pool.HikariPool        : HikariPool-1 - Added connection com.mysql.cj.jdbc.ConnectionImpl@100d0218
2023-03-10T00:30:28.795+01:00  INFO 29248 --- [main] com.zaxxer.hikari.HikariDataSource       : HikariPool-1 - Start completed.
2023-03-10T00:30:29.002+01:00  INFO 29248 --- [main] SQL dialect                              : HHH000400: Using dialect: org.hibernate.dialect.MySQLDialect
2023-03-10T00:30:29.962+01:00  WARN 29248 --- [main] org.hibernate.id.UUIDHexGenerator        : HHH000409: Using org.hibernate.id.UUIDHexGenerator which does not generate IETF RFC 4122 compliant UUID values; consider using org.hibernate.id.UUIDGenerator instead
2023-03-10T00:30:31.878+01:00  INFO 29248 --- [main] o.h.e.t.j.p.i.JtaPlatformInitiator       : HHH000490: Using JtaPlatform implementation: [org.hibernate.engine.transaction.jta.platform.internal.NoJtaPlatform]
2023-03-10T00:30:31.910+01:00  INFO 29248 --- [main] j.LocalContainerEntityManagerFactoryBean : Initialized JPA EntityManagerFactory for persistence unit 'default'
2023-03-10T00:30:36.151+01:00  WARN 29248 --- [main] JpaBaseConfiguration$JpaWebConfiguration : spring.jpa.open-in-view is enabled by default. Therefore, database queries may be performed during view rendering. Explicitly configure spring.jpa.open-in-view to disable this warning
2023-03-10T00:30:38.039+01:00  INFO 29248 --- [main] o.s.s.web.DefaultSecurityFilterChain     : Will secure any request with [org.springframework.security.web.session.DisableEncodeUrlFilter@171b0d3, org.springframework.security.web.context.request.async.WebAsyncManagerIntegrationFilter@63d43a5, org.springframework.security.web.context.SecurityContextHolderFilter@32f2de5c, org.springframework.security.web.header.HeaderWriterFilter@d98ce13, org.springframework.web.filter.CorsFilter@55159007, org.springframework.security.web.authentication.logout.LogoutFilter@2c989d82, com.backend.security.config.JwtRequestFilter@870a9f2, org.springframework.security.web.authentication.www.BasicAuthenticationFilter@277dddcf, org.springframework.security.web.savedrequest.RequestCacheAwareFilter@74120029, org.springframework.security.web.servletapi.SecurityContextHolderAwareRequestFilter@533690d, org.springframework.security.web.authentication.AnonymousAuthenticationFilter@edf4973, org.springframework.security.web.session.SessionManagementFilter@1d86b636, org.springframework.security.web.access.ExceptionTranslationFilter@443b9ebb, org.springframework.security.web.access.intercept.AuthorizationFilter@140fa482]
2023-03-10T00:30:38.181+01:00  WARN 29248 --- [main] o.s.s.c.a.web.builders.WebSecurity       : 

********************************************************************
**********        Security debugging is enabled.       *************
**********    This may include sensitive information.  *************
**********      Do not use in a production system!     *************
********************************************************************


2023-03-10T00:30:39.258+01:00  WARN 29248 --- [main] ConfigServletWebServerApplicationContext : Exception encountered during context initialization - cancelling refresh attempt: org.springframework.context.ApplicationContextException: Failed to start bean 'webServerStartStop'
2023-03-10T00:30:39.281+01:00  INFO 29248 --- [main] j.LocalContainerEntityManagerFactoryBean : Closing JPA EntityManagerFactory for persistence unit 'default'
2023-03-10T00:30:39.289+01:00  INFO 29248 --- [main] com.zaxxer.hikari.HikariDataSource       : HikariPool-1 - Shutdown initiated...
2023-03-10T00:30:39.423+01:00  INFO 29248 --- [main] com.zaxxer.hikari.HikariDataSource       : HikariPool-1 - Shutdown completed.
2023-03-10T00:30:39.493+01:00  INFO 29248 --- [main] o.apache.catalina.core.StandardService   : Stopping service [Tomcat]
2023-03-10T00:30:39.564+01:00  INFO 29248 --- [main] .s.b.a.l.ConditionEvaluationReportLogger : 

Error starting ApplicationContext. To display the condition evaluation report re-run your application with 'debug' enabled.
2023-03-10T00:30:39.824+01:00 ERROR 29248 --- [main] o.s.b.d.LoggingFailureAnalysisReporter   : 

***************************
APPLICATION FAILED TO START
***************************

Description:

Web server failed to start. Port 8080 was already in use.

Action:

Identify and stop the process that's listening on port 8080 or configure this application to listen on another port.

2023-03-10T00:31:33.551+01:00  INFO 24132 --- [http-nio-8080-exec-2] o.a.c.c.C.[Tomcat].[localhost].[/]       : Initializing Spring DispatcherServlet 'dispatcherServlet'
2023-03-10T00:31:33.579+01:00  INFO 24132 --- [http-nio-8080-exec-2] o.s.web.servlet.DispatcherServlet        : Initializing Servlet 'dispatcherServlet'
2023-03-10T00:31:33.647+01:00  INFO 24132 --- [http-nio-8080-exec-2] o.s.web.servlet.DispatcherServlet        : Completed initialization in 64 ms
2023-03-10T00:31:33.705+01:00  INFO 24132 --- [http-nio-8080-exec-1] Spring Security Debugger                 : 

************************************************************

Request received for OPTIONS '/api/application/get':

org.apache.catalina.connector.RequestFacade@7365b4ba

servletPath:/api/application/get
pathInfo:null
headers: 
host: localhost:8080
user-agent: Mozilla/5.0 (Windows NT 10.0; Win64; x64; rv:109.0) Gecko/20100101 Firefox/110.0
accept: */*
accept-language: sv-SE,sv;q=0.8,en-US;q=0.5,en;q=0.3
accept-encoding: gzip, deflate, br
access-control-request-method: GET
access-control-request-headers: authorization,content-type
referer: http://localhost:5173/
origin: http://localhost:5173
dnt: 1
connection: keep-alive
sec-fetch-dest: empty
sec-fetch-mode: cors
sec-fetch-site: same-site


Security filter chain: [
  DisableEncodeUrlFilter
  WebAsyncManagerIntegrationFilter
  SecurityContextHolderFilter
  HeaderWriterFilter
  CorsFilter
  LogoutFilter
  JwtRequestFilter
  BasicAuthenticationFilter
  RequestCacheAwareFilter
  SecurityContextHolderAwareRequestFilter
  AnonymousAuthenticationFilter
  SessionManagementFilter
  ExceptionTranslationFilter
  AuthorizationFilter
]


************************************************************


2023-03-10T00:31:33.779+01:00 DEBUG 24132 --- [http-nio-8080-exec-1] o.s.security.web.FilterChainProxy        : Securing OPTIONS /api/application/get
2023-03-10T00:31:33.714+01:00  INFO 24132 --- [http-nio-8080-exec-2] Spring Security Debugger                 : 

************************************************************

Request received for GET '/api/competences':

org.apache.catalina.connector.RequestFacade@3db39d9

servletPath:/api/competences
pathInfo:null
headers: 
host: localhost:8080
user-agent: Mozilla/5.0 (Windows NT 10.0; Win64; x64; rv:109.0) Gecko/20100101 Firefox/110.0
accept: */*
accept-language: sv-SE,sv;q=0.8,en-US;q=0.5,en;q=0.3
accept-encoding: gzip, deflate, br
referer: http://localhost:5173/
origin: http://localhost:5173
dnt: 1
connection: keep-alive
sec-fetch-dest: empty
sec-fetch-mode: cors
sec-fetch-site: same-site


Security filter chain: [
  DisableEncodeUrlFilter
  WebAsyncManagerIntegrationFilter
  SecurityContextHolderFilter
  HeaderWriterFilter
  CorsFilter
  LogoutFilter
  JwtRequestFilter
  BasicAuthenticationFilter
  RequestCacheAwareFilter
  SecurityContextHolderAwareRequestFilter
  AnonymousAuthenticationFilter
  SessionManagementFilter
  ExceptionTranslationFilter
  AuthorizationFilter
]


************************************************************


2023-03-10T00:31:33.830+01:00 DEBUG 24132 --- [http-nio-8080-exec-2] o.s.security.web.FilterChainProxy        : Securing GET /api/competences
2023-03-10T00:31:33.956+01:00 DEBUG 24132 --- [http-nio-8080-exec-2] o.s.s.w.a.AnonymousAuthenticationFilter  : Set SecurityContextHolder to anonymous SecurityContext
2023-03-10T00:31:33.957+01:00  INFO 24132 --- [http-nio-8080-exec-3] Spring Security Debugger                 : 

************************************************************

Request received for GET '/api/application/get':

org.apache.catalina.connector.RequestFacade@d35e352

servletPath:/api/application/get
pathInfo:null
headers: 
host: localhost:8080
user-agent: Mozilla/5.0 (Windows NT 10.0; Win64; x64; rv:109.0) Gecko/20100101 Firefox/110.0
accept: */*
accept-language: sv-SE,sv;q=0.8,en-US;q=0.5,en;q=0.3
accept-encoding: gzip, deflate, br
referer: http://localhost:5173/
content-type: application/json
authorization: Bearer null
origin: http://localhost:5173
dnt: 1
connection: keep-alive
sec-fetch-dest: empty
sec-fetch-mode: cors
sec-fetch-site: same-site


Security filter chain: [
  DisableEncodeUrlFilter
  WebAsyncManagerIntegrationFilter
  SecurityContextHolderFilter
  HeaderWriterFilter
  CorsFilter
  LogoutFilter
  JwtRequestFilter
  BasicAuthenticationFilter
  RequestCacheAwareFilter
  SecurityContextHolderAwareRequestFilter
  AnonymousAuthenticationFilter
  SessionManagementFilter
  ExceptionTranslationFilter
  AuthorizationFilter
]


************************************************************


2023-03-10T00:31:33.974+01:00 DEBUG 24132 --- [http-nio-8080-exec-3] o.s.security.web.FilterChainProxy        : Securing GET /api/application/get
2023-03-10T00:31:33.974+01:00 DEBUG 24132 --- [http-nio-8080-exec-2] o.s.security.web.FilterChainProxy        : Secured GET /api/competences
2023-03-10T00:31:34.079+01:00 DEBUG 24132 --- [http-nio-8080-exec-3] o.s.s.w.a.AnonymousAuthenticationFilter  : Set SecurityContextHolder to anonymous SecurityContext
2023-03-10T00:31:34.162+01:00  INFO 24132 --- [http-nio-8080-exec-3] Spring Security Debugger                 : 

************************************************************

Request received for GET '/error':

org.apache.catalina.core.ApplicationHttpRequest@471e7fa6

servletPath:/error
pathInfo:null
headers: 
host: localhost:8080
user-agent: Mozilla/5.0 (Windows NT 10.0; Win64; x64; rv:109.0) Gecko/20100101 Firefox/110.0
accept: */*
accept-language: sv-SE,sv;q=0.8,en-US;q=0.5,en;q=0.3
accept-encoding: gzip, deflate, br
referer: http://localhost:5173/
content-type: application/json
authorization: Bearer null
origin: http://localhost:5173
dnt: 1
connection: keep-alive
sec-fetch-dest: empty
sec-fetch-mode: cors
sec-fetch-site: same-site


Security filter chain: [
  DisableEncodeUrlFilter
  WebAsyncManagerIntegrationFilter
  SecurityContextHolderFilter
  HeaderWriterFilter
  CorsFilter
  LogoutFilter
  JwtRequestFilter
  BasicAuthenticationFilter
  RequestCacheAwareFilter
  SecurityContextHolderAwareRequestFilter
  AnonymousAuthenticationFilter
  SessionManagementFilter
  ExceptionTranslationFilter
  AuthorizationFilter
]


************************************************************


2023-03-10T00:31:34.183+01:00 DEBUG 24132 --- [http-nio-8080-exec-3] o.s.security.web.FilterChainProxy        : Securing GET /error
2023-03-10T00:31:34.231+01:00 DEBUG 24132 --- [http-nio-8080-exec-3] o.s.s.w.a.AnonymousAuthenticationFilter  : Set SecurityContextHolder to anonymous SecurityContext
2023-03-10T00:31:34.249+01:00  INFO 24132 --- [http-nio-8080-exec-4] Spring Security Debugger                 : 

************************************************************

Request received for GET '/api/application/get':

org.apache.catalina.connector.RequestFacade@2f1c125a

servletPath:/api/application/get
pathInfo:null
headers: 
host: localhost:8080
user-agent: Mozilla/5.0 (Windows NT 10.0; Win64; x64; rv:109.0) Gecko/20100101 Firefox/110.0
accept: */*
accept-language: sv-SE,sv;q=0.8,en-US;q=0.5,en;q=0.3
accept-encoding: gzip, deflate, br
referer: http://localhost:5173/
content-type: application/json
authorization: Bearer null
origin: http://localhost:5173
dnt: 1
connection: keep-alive
sec-fetch-dest: empty
sec-fetch-mode: cors
sec-fetch-site: same-site


Security filter chain: [
  DisableEncodeUrlFilter
  WebAsyncManagerIntegrationFilter
  SecurityContextHolderFilter
  HeaderWriterFilter
  CorsFilter
  LogoutFilter
  JwtRequestFilter
  BasicAuthenticationFilter
  RequestCacheAwareFilter
  SecurityContextHolderAwareRequestFilter
  AnonymousAuthenticationFilter
  SessionManagementFilter
  ExceptionTranslationFilter
  AuthorizationFilter
]


************************************************************


2023-03-10T00:31:34.338+01:00 DEBUG 24132 --- [http-nio-8080-exec-4] o.s.security.web.FilterChainProxy        : Securing GET /api/application/get
2023-03-10T00:31:34.478+01:00 DEBUG 24132 --- [http-nio-8080-exec-4] o.s.s.w.a.AnonymousAuthenticationFilter  : Set SecurityContextHolder to anonymous SecurityContext
2023-03-10T00:31:34.511+01:00  INFO 24132 --- [http-nio-8080-exec-4] Spring Security Debugger                 : 

************************************************************

Request received for GET '/error':

org.apache.catalina.core.ApplicationHttpRequest@21dbe9c9

servletPath:/error
pathInfo:null
headers: 
host: localhost:8080
user-agent: Mozilla/5.0 (Windows NT 10.0; Win64; x64; rv:109.0) Gecko/20100101 Firefox/110.0
accept: */*
accept-language: sv-SE,sv;q=0.8,en-US;q=0.5,en;q=0.3
accept-encoding: gzip, deflate, br
referer: http://localhost:5173/
content-type: application/json
authorization: Bearer null
origin: http://localhost:5173
dnt: 1
connection: keep-alive
sec-fetch-dest: empty
sec-fetch-mode: cors
sec-fetch-site: same-site


Security filter chain: [
  DisableEncodeUrlFilter
  WebAsyncManagerIntegrationFilter
  SecurityContextHolderFilter
  HeaderWriterFilter
  CorsFilter
  LogoutFilter
  JwtRequestFilter
  BasicAuthenticationFilter
  RequestCacheAwareFilter
  SecurityContextHolderAwareRequestFilter
  AnonymousAuthenticationFilter
  SessionManagementFilter
  ExceptionTranslationFilter
  AuthorizationFilter
]


************************************************************


2023-03-10T00:31:34.529+01:00 DEBUG 24132 --- [http-nio-8080-exec-4] o.s.security.web.FilterChainProxy        : Securing GET /error
2023-03-10T00:31:34.540+01:00 DEBUG 24132 --- [http-nio-8080-exec-4] o.s.s.w.a.AnonymousAuthenticationFilter  : Set SecurityContextHolder to anonymous SecurityContext
2023-03-10T00:31:35.241+01:00  INFO 24132 --- [http-nio-8080-exec-5] Spring Security Debugger                 : 

************************************************************

Request received for GET '/api/competences':

org.apache.catalina.connector.RequestFacade@5f07adc3

servletPath:/api/competences
pathInfo:null
headers: 
host: localhost:8080
user-agent: Mozilla/5.0 (Windows NT 10.0; Win64; x64; rv:109.0) Gecko/20100101 Firefox/110.0
accept: */*
accept-language: sv-SE,sv;q=0.8,en-US;q=0.5,en;q=0.3
accept-encoding: gzip, deflate, br
referer: http://localhost:5173/
origin: http://localhost:5173
dnt: 1
connection: keep-alive
sec-fetch-dest: empty
sec-fetch-mode: cors
sec-fetch-site: same-site


Security filter chain: [
  DisableEncodeUrlFilter
  WebAsyncManagerIntegrationFilter
  SecurityContextHolderFilter
  HeaderWriterFilter
  CorsFilter
  LogoutFilter
  JwtRequestFilter
  BasicAuthenticationFilter
  RequestCacheAwareFilter
  SecurityContextHolderAwareRequestFilter
  AnonymousAuthenticationFilter
  SessionManagementFilter
  ExceptionTranslationFilter
  AuthorizationFilter
]


************************************************************


2023-03-10T00:31:35.249+01:00 DEBUG 24132 --- [http-nio-8080-exec-5] o.s.security.web.FilterChainProxy        : Securing GET /api/competences
2023-03-10T00:31:35.264+01:00 DEBUG 24132 --- [http-nio-8080-exec-5] o.s.s.w.a.AnonymousAuthenticationFilter  : Set SecurityContextHolder to anonymous SecurityContext
2023-03-10T00:31:35.309+01:00 DEBUG 24132 --- [http-nio-8080-exec-5] o.s.security.web.FilterChainProxy        : Secured GET /api/competences
2023-03-10T00:31:47.717+01:00  INFO 24132 --- [http-nio-8080-exec-6] Spring Security Debugger                 : 

************************************************************

Request received for OPTIONS '/api/person/login':

org.apache.catalina.connector.RequestFacade@19ea725f

servletPath:/api/person/login
pathInfo:null
headers: 
host: localhost:8080
user-agent: Mozilla/5.0 (Windows NT 10.0; Win64; x64; rv:109.0) Gecko/20100101 Firefox/110.0
accept: */*
accept-language: sv-SE,sv;q=0.8,en-US;q=0.5,en;q=0.3
accept-encoding: gzip, deflate, br
access-control-request-method: POST
access-control-request-headers: content-type
referer: http://localhost:5173/
origin: http://localhost:5173
dnt: 1
connection: keep-alive
sec-fetch-dest: empty
sec-fetch-mode: cors
sec-fetch-site: same-site


Security filter chain: [
  DisableEncodeUrlFilter
  WebAsyncManagerIntegrationFilter
  SecurityContextHolderFilter
  HeaderWriterFilter
  CorsFilter
  LogoutFilter
  JwtRequestFilter
  BasicAuthenticationFilter
  RequestCacheAwareFilter
  SecurityContextHolderAwareRequestFilter
  AnonymousAuthenticationFilter
  SessionManagementFilter
  ExceptionTranslationFilter
  AuthorizationFilter
]


************************************************************


2023-03-10T00:31:47.737+01:00 DEBUG 24132 --- [http-nio-8080-exec-6] o.s.security.web.FilterChainProxy        : Securing OPTIONS /api/person/login
2023-03-10T00:31:47.766+01:00  INFO 24132 --- [http-nio-8080-exec-6] Spring Security Debugger                 : 

************************************************************

Request received for POST '/api/person/login':

org.apache.catalina.connector.RequestFacade@172d8f12

servletPath:/api/person/login
pathInfo:null
headers: 
host: localhost:8080
user-agent: Mozilla/5.0 (Windows NT 10.0; Win64; x64; rv:109.0) Gecko/20100101 Firefox/110.0
accept: */*
accept-language: sv-SE,sv;q=0.8,en-US;q=0.5,en;q=0.3
accept-encoding: gzip, deflate, br
referer: http://localhost:5173/
content-type: application/json
content-length: 53
origin: http://localhost:5173
dnt: 1
connection: keep-alive
sec-fetch-dest: empty
sec-fetch-mode: cors
sec-fetch-site: same-site


Security filter chain: [
  DisableEncodeUrlFilter
  WebAsyncManagerIntegrationFilter
  SecurityContextHolderFilter
  HeaderWriterFilter
  CorsFilter
  LogoutFilter
  JwtRequestFilter
  BasicAuthenticationFilter
  RequestCacheAwareFilter
  SecurityContextHolderAwareRequestFilter
  AnonymousAuthenticationFilter
  SessionManagementFilter
  ExceptionTranslationFilter
  AuthorizationFilter
]


************************************************************


2023-03-10T00:31:47.788+01:00 DEBUG 24132 --- [http-nio-8080-exec-6] o.s.security.web.FilterChainProxy        : Securing POST /api/person/login
2023-03-10T00:31:47.801+01:00 DEBUG 24132 --- [http-nio-8080-exec-6] o.s.s.w.a.AnonymousAuthenticationFilter  : Set SecurityContextHolder to anonymous SecurityContext
2023-03-10T00:31:47.805+01:00 DEBUG 24132 --- [http-nio-8080-exec-6] o.s.security.web.FilterChainProxy        : Secured POST /api/person/login
2023-03-10T00:31:48.466+01:00 DEBUG 24132 --- [http-nio-8080-exec-6] o.s.s.a.dao.DaoAuthenticationProvider    : Authenticated user
2023-03-10T00:31:48.870+01:00  INFO 24132 --- [http-nio-8080-exec-7] Spring Security Debugger                 : 

************************************************************

Request received for GET '/api/competences':

org.apache.catalina.connector.RequestFacade@2f368356

servletPath:/api/competences
pathInfo:null
headers: 
host: localhost:8080
user-agent: Mozilla/5.0 (Windows NT 10.0; Win64; x64; rv:109.0) Gecko/20100101 Firefox/110.0
accept: */*
accept-language: sv-SE,sv;q=0.8,en-US;q=0.5,en;q=0.3
accept-encoding: gzip, deflate, br
referer: http://localhost:5173/
origin: http://localhost:5173
dnt: 1
connection: keep-alive
sec-fetch-dest: empty
sec-fetch-mode: cors
sec-fetch-site: same-site


Security filter chain: [
  DisableEncodeUrlFilter
  WebAsyncManagerIntegrationFilter
  SecurityContextHolderFilter
  HeaderWriterFilter
  CorsFilter
  LogoutFilter
  JwtRequestFilter
  BasicAuthenticationFilter
  RequestCacheAwareFilter
  SecurityContextHolderAwareRequestFilter
  AnonymousAuthenticationFilter
  SessionManagementFilter
  ExceptionTranslationFilter
  AuthorizationFilter
]


************************************************************


2023-03-10T00:31:48.888+01:00 DEBUG 24132 --- [http-nio-8080-exec-7] o.s.security.web.FilterChainProxy        : Securing GET /api/competences
2023-03-10T00:31:48.896+01:00  INFO 24132 --- [http-nio-8080-exec-10] Spring Security Debugger                 : 

************************************************************

Request received for GET '/api/application/get':

org.apache.catalina.connector.RequestFacade@30ed9f5b

servletPath:/api/application/get
pathInfo:null
headers: 
host: localhost:8080
user-agent: Mozilla/5.0 (Windows NT 10.0; Win64; x64; rv:109.0) Gecko/20100101 Firefox/110.0
accept: */*
accept-language: sv-SE,sv;q=0.8,en-US;q=0.5,en;q=0.3
accept-encoding: gzip, deflate, br
referer: http://localhost:5173/
content-type: application/json
authorization: Bearer eyJhbGciOiJIUzUxMiJ9.eyJzdWIiOiJ2MjBAa3RoLnNlIiwiZXhwIjoxNjc4NDkxMTA4LCJpYXQiOjE2Nzg0MDQ3MDh9.hUx0cMfqMrguu-moy2L9Fsv17E238blTTa7yJmUR0UdaLULCVPOQn6iJCfMWRCwiDDkSV2lxdb7_Jq4GdhMBIA
origin: http://localhost:5173
dnt: 1
connection: keep-alive
sec-fetch-dest: empty
sec-fetch-mode: cors
sec-fetch-site: same-site


Security filter chain: [
  DisableEncodeUrlFilter
  WebAsyncManagerIntegrationFilter
  SecurityContextHolderFilter
  HeaderWriterFilter
  CorsFilter
  LogoutFilter
  JwtRequestFilter
  BasicAuthenticationFilter
  RequestCacheAwareFilter
  SecurityContextHolderAwareRequestFilter
  AnonymousAuthenticationFilter
  SessionManagementFilter
  ExceptionTranslationFilter
  AuthorizationFilter
]


************************************************************


2023-03-10T00:31:48.893+01:00  INFO 24132 --- [http-nio-8080-exec-9] Spring Security Debugger                 : 

************************************************************

Request received for GET '/api/competences':

org.apache.catalina.connector.RequestFacade@1fc002e

servletPath:/api/competences
pathInfo:null
headers: 
host: localhost:8080
user-agent: Mozilla/5.0 (Windows NT 10.0; Win64; x64; rv:109.0) Gecko/20100101 Firefox/110.0
accept: */*
accept-language: sv-SE,sv;q=0.8,en-US;q=0.5,en;q=0.3
accept-encoding: gzip, deflate, br
referer: http://localhost:5173/
origin: http://localhost:5173
dnt: 1
connection: keep-alive
sec-fetch-dest: empty
sec-fetch-mode: cors
sec-fetch-site: same-site


Security filter chain: [
  DisableEncodeUrlFilter
  WebAsyncManagerIntegrationFilter
  SecurityContextHolderFilter
  HeaderWriterFilter
  CorsFilter
  LogoutFilter
  JwtRequestFilter
  BasicAuthenticationFilter
  RequestCacheAwareFilter
  SecurityContextHolderAwareRequestFilter
  AnonymousAuthenticationFilter
  SessionManagementFilter
  ExceptionTranslationFilter
  AuthorizationFilter
]


************************************************************


2023-03-10T00:31:48.896+01:00 DEBUG 24132 --- [http-nio-8080-exec-7] o.s.s.w.a.AnonymousAuthenticationFilter  : Set SecurityContextHolder to anonymous SecurityContext
2023-03-10T00:31:48.904+01:00 DEBUG 24132 --- [http-nio-8080-exec-10] o.s.security.web.FilterChainProxy        : Securing GET /api/application/get
2023-03-10T00:31:48.880+01:00  INFO 24132 --- [http-nio-8080-exec-8] Spring Security Debugger                 : 

************************************************************

Request received for GET '/api/application/get':

org.apache.catalina.connector.RequestFacade@15b800c1

servletPath:/api/application/get
pathInfo:null
headers: 
host: localhost:8080
user-agent: Mozilla/5.0 (Windows NT 10.0; Win64; x64; rv:109.0) Gecko/20100101 Firefox/110.0
accept: */*
accept-language: sv-SE,sv;q=0.8,en-US;q=0.5,en;q=0.3
accept-encoding: gzip, deflate, br
referer: http://localhost:5173/
content-type: application/json
authorization: Bearer eyJhbGciOiJIUzUxMiJ9.eyJzdWIiOiJ2MjBAa3RoLnNlIiwiZXhwIjoxNjc4NDkxMTA4LCJpYXQiOjE2Nzg0MDQ3MDh9.hUx0cMfqMrguu-moy2L9Fsv17E238blTTa7yJmUR0UdaLULCVPOQn6iJCfMWRCwiDDkSV2lxdb7_Jq4GdhMBIA
origin: http://localhost:5173
dnt: 1
connection: keep-alive
sec-fetch-dest: empty
sec-fetch-mode: cors
sec-fetch-site: same-site


Security filter chain: [
  DisableEncodeUrlFilter
  WebAsyncManagerIntegrationFilter
  SecurityContextHolderFilter
  HeaderWriterFilter
  CorsFilter
  LogoutFilter
  JwtRequestFilter
  BasicAuthenticationFilter
  RequestCacheAwareFilter
  SecurityContextHolderAwareRequestFilter
  AnonymousAuthenticationFilter
  SessionManagementFilter
  ExceptionTranslationFilter
  AuthorizationFilter
]


************************************************************


2023-03-10T00:31:48.946+01:00 DEBUG 24132 --- [http-nio-8080-exec-8] o.s.security.web.FilterChainProxy        : Securing GET /api/application/get
2023-03-10T00:31:48.937+01:00 DEBUG 24132 --- [http-nio-8080-exec-7] o.s.security.web.FilterChainProxy        : Secured GET /api/competences
2023-03-10T00:31:48.931+01:00 DEBUG 24132 --- [http-nio-8080-exec-9] o.s.security.web.FilterChainProxy        : Securing GET /api/competences
2023-03-10T00:31:48.984+01:00 DEBUG 24132 --- [http-nio-8080-exec-9] o.s.s.w.a.AnonymousAuthenticationFilter  : Set SecurityContextHolder to anonymous SecurityContext
2023-03-10T00:31:49.015+01:00 DEBUG 24132 --- [http-nio-8080-exec-9] o.s.security.web.FilterChainProxy        : Secured GET /api/competences
2023-03-10T00:31:49.107+01:00 DEBUG 24132 --- [http-nio-8080-exec-10] o.s.security.web.FilterChainProxy        : Secured GET /api/application/get
2023-03-10T00:31:49.150+01:00 DEBUG 24132 --- [http-nio-8080-exec-8] o.s.security.web.FilterChainProxy        : Secured GET /api/application/get
2023-03-10T00:31:57.677+01:00  INFO 24132 --- [http-nio-8080-exec-1] Spring Security Debugger                 : 

************************************************************

Request received for OPTIONS '/api/availability/add':

org.apache.catalina.connector.RequestFacade@5a30cd97

servletPath:/api/availability/add
pathInfo:null
headers: 
host: localhost:8080
user-agent: Mozilla/5.0 (Windows NT 10.0; Win64; x64; rv:109.0) Gecko/20100101 Firefox/110.0
accept: */*
accept-language: sv-SE,sv;q=0.8,en-US;q=0.5,en;q=0.3
accept-encoding: gzip, deflate, br
access-control-request-method: POST
access-control-request-headers: authorization,content-type
referer: http://localhost:5173/
origin: http://localhost:5173
dnt: 1
connection: keep-alive
sec-fetch-dest: empty
sec-fetch-mode: cors
sec-fetch-site: same-site


Security filter chain: [
  DisableEncodeUrlFilter
  WebAsyncManagerIntegrationFilter
  SecurityContextHolderFilter
  HeaderWriterFilter
  CorsFilter
  LogoutFilter
  JwtRequestFilter
  BasicAuthenticationFilter
  RequestCacheAwareFilter
  SecurityContextHolderAwareRequestFilter
  AnonymousAuthenticationFilter
  SessionManagementFilter
  ExceptionTranslationFilter
  AuthorizationFilter
]


************************************************************


2023-03-10T00:31:57.695+01:00 DEBUG 24132 --- [http-nio-8080-exec-1] o.s.security.web.FilterChainProxy        : Securing OPTIONS /api/availability/add
2023-03-10T00:31:57.713+01:00  INFO 24132 --- [http-nio-8080-exec-1] Spring Security Debugger                 : 

************************************************************

Request received for POST '/api/availability/add':

org.apache.catalina.connector.RequestFacade@6de77a16

servletPath:/api/availability/add
pathInfo:null
headers: 
host: localhost:8080
user-agent: Mozilla/5.0 (Windows NT 10.0; Win64; x64; rv:109.0) Gecko/20100101 Firefox/110.0
accept: */*
accept-language: sv-SE,sv;q=0.8,en-US;q=0.5,en;q=0.3
accept-encoding: gzip, deflate, br
referer: http://localhost:5173/
content-type: application/json
authorization: Bearer eyJhbGciOiJIUzUxMiJ9.eyJzdWIiOiJ2MjBAa3RoLnNlIiwiZXhwIjoxNjc4NDkxMTA4LCJpYXQiOjE2Nzg0MDQ3MDh9.hUx0cMfqMrguu-moy2L9Fsv17E238blTTa7yJmUR0UdaLULCVPOQn6iJCfMWRCwiDDkSV2lxdb7_Jq4GdhMBIA
content-length: 47
origin: http://localhost:5173
dnt: 1
connection: keep-alive
sec-fetch-dest: empty
sec-fetch-mode: cors
sec-fetch-site: same-site


Security filter chain: [
  DisableEncodeUrlFilter
  WebAsyncManagerIntegrationFilter
  SecurityContextHolderFilter
  HeaderWriterFilter
  CorsFilter
  LogoutFilter
  JwtRequestFilter
  BasicAuthenticationFilter
  RequestCacheAwareFilter
  SecurityContextHolderAwareRequestFilter
  AnonymousAuthenticationFilter
  SessionManagementFilter
  ExceptionTranslationFilter
  AuthorizationFilter
]


************************************************************


2023-03-10T00:31:57.728+01:00 DEBUG 24132 --- [http-nio-8080-exec-1] o.s.security.web.FilterChainProxy        : Securing POST /api/availability/add
2023-03-10T00:31:57.834+01:00 DEBUG 24132 --- [http-nio-8080-exec-1] o.s.security.web.FilterChainProxy        : Secured POST /api/availability/add
2023-03-10T00:31:58.118+01:00  INFO 24132 --- [http-nio-8080-exec-3] Spring Security Debugger                 : 

************************************************************

Request received for OPTIONS '/api/person/4028818286c141430186c145d3920000':

org.apache.catalina.connector.RequestFacade@55f615a5

servletPath:/api/person/4028818286c141430186c145d3920000
pathInfo:null
headers: 
host: localhost:8080
user-agent: Mozilla/5.0 (Windows NT 10.0; Win64; x64; rv:109.0) Gecko/20100101 Firefox/110.0
accept: */*
accept-language: sv-SE,sv;q=0.8,en-US;q=0.5,en;q=0.3
accept-encoding: gzip, deflate, br
access-control-request-method: GET
access-control-request-headers: authorization,content-type
referer: http://localhost:5173/
origin: http://localhost:5173
dnt: 1
connection: keep-alive
sec-fetch-dest: empty
sec-fetch-mode: cors
sec-fetch-site: same-site


Security filter chain: [
  DisableEncodeUrlFilter
  WebAsyncManagerIntegrationFilter
  SecurityContextHolderFilter
  HeaderWriterFilter
  CorsFilter
  LogoutFilter
  JwtRequestFilter
  BasicAuthenticationFilter
  RequestCacheAwareFilter
  SecurityContextHolderAwareRequestFilter
  AnonymousAuthenticationFilter
  SessionManagementFilter
  ExceptionTranslationFilter
  AuthorizationFilter
]


************************************************************


2023-03-10T00:31:58.143+01:00 DEBUG 24132 --- [http-nio-8080-exec-3] o.s.security.web.FilterChainProxy        : Securing OPTIONS /api/person/4028818286c141430186c145d3920000
2023-03-10T00:31:58.158+01:00  INFO 24132 --- [http-nio-8080-exec-4] Spring Security Debugger                 : 

************************************************************

Request received for GET '/api/person/4028818286c141430186c145d3920000':

org.apache.catalina.connector.RequestFacade@25e4792a

servletPath:/api/person/4028818286c141430186c145d3920000
pathInfo:null
headers: 
host: localhost:8080
user-agent: Mozilla/5.0 (Windows NT 10.0; Win64; x64; rv:109.0) Gecko/20100101 Firefox/110.0
accept: */*
accept-language: sv-SE,sv;q=0.8,en-US;q=0.5,en;q=0.3
accept-encoding: gzip, deflate, br
referer: http://localhost:5173/
content-type: application/json
authorization: Bearer eyJhbGciOiJIUzUxMiJ9.eyJzdWIiOiJ2MjBAa3RoLnNlIiwiZXhwIjoxNjc4NDkxMTA4LCJpYXQiOjE2Nzg0MDQ3MDh9.hUx0cMfqMrguu-moy2L9Fsv17E238blTTa7yJmUR0UdaLULCVPOQn6iJCfMWRCwiDDkSV2lxdb7_Jq4GdhMBIA
origin: http://localhost:5173
dnt: 1
connection: keep-alive
sec-fetch-dest: empty
sec-fetch-mode: cors
sec-fetch-site: same-site


Security filter chain: [
  DisableEncodeUrlFilter
  WebAsyncManagerIntegrationFilter
  SecurityContextHolderFilter
  HeaderWriterFilter
  CorsFilter
  LogoutFilter
  JwtRequestFilter
  BasicAuthenticationFilter
  RequestCacheAwareFilter
  SecurityContextHolderAwareRequestFilter
  AnonymousAuthenticationFilter
  SessionManagementFilter
  ExceptionTranslationFilter
  AuthorizationFilter
]


************************************************************


2023-03-10T00:31:58.179+01:00 DEBUG 24132 --- [http-nio-8080-exec-4] o.s.security.web.FilterChainProxy        : Securing GET /api/person/4028818286c141430186c145d3920000
2023-03-10T00:31:58.230+01:00 DEBUG 24132 --- [http-nio-8080-exec-4] o.s.security.web.FilterChainProxy        : Secured GET /api/person/4028818286c141430186c145d3920000
2023-03-10T00:32:00.277+01:00  INFO 24132 --- [http-nio-8080-exec-2] Spring Security Debugger                 : 

************************************************************

Request received for POST '/api/availability/add':

org.apache.catalina.connector.RequestFacade@7a788af

servletPath:/api/availability/add
pathInfo:null
headers: 
host: localhost:8080
user-agent: Mozilla/5.0 (Windows NT 10.0; Win64; x64; rv:109.0) Gecko/20100101 Firefox/110.0
accept: */*
accept-language: sv-SE,sv;q=0.8,en-US;q=0.5,en;q=0.3
accept-encoding: gzip, deflate, br
referer: http://localhost:5173/
content-type: application/json
authorization: Bearer eyJhbGciOiJIUzUxMiJ9.eyJzdWIiOiJ2MjBAa3RoLnNlIiwiZXhwIjoxNjc4NDkxMTA4LCJpYXQiOjE2Nzg0MDQ3MDh9.hUx0cMfqMrguu-moy2L9Fsv17E238blTTa7yJmUR0UdaLULCVPOQn6iJCfMWRCwiDDkSV2lxdb7_Jq4GdhMBIA
content-length: 47
origin: http://localhost:5173
dnt: 1
connection: keep-alive
sec-fetch-dest: empty
sec-fetch-mode: cors
sec-fetch-site: same-site


Security filter chain: [
  DisableEncodeUrlFilter
  WebAsyncManagerIntegrationFilter
  SecurityContextHolderFilter
  HeaderWriterFilter
  CorsFilter
  LogoutFilter
  JwtRequestFilter
  BasicAuthenticationFilter
  RequestCacheAwareFilter
  SecurityContextHolderAwareRequestFilter
  AnonymousAuthenticationFilter
  SessionManagementFilter
  ExceptionTranslationFilter
  AuthorizationFilter
]


************************************************************


2023-03-10T00:32:00.298+01:00 DEBUG 24132 --- [http-nio-8080-exec-2] o.s.security.web.FilterChainProxy        : Securing POST /api/availability/add
2023-03-10T00:32:00.342+01:00 DEBUG 24132 --- [http-nio-8080-exec-2] o.s.security.web.FilterChainProxy        : Secured POST /api/availability/add
2023-03-10T00:32:00.390+01:00  INFO 24132 --- [http-nio-8080-exec-5] Spring Security Debugger                 : 

************************************************************

Request received for GET '/api/person/4028818286c141430186c145d3920000':

org.apache.catalina.connector.RequestFacade@6b5a6a6d

servletPath:/api/person/4028818286c141430186c145d3920000
pathInfo:null
headers: 
host: localhost:8080
user-agent: Mozilla/5.0 (Windows NT 10.0; Win64; x64; rv:109.0) Gecko/20100101 Firefox/110.0
accept: */*
accept-language: sv-SE,sv;q=0.8,en-US;q=0.5,en;q=0.3
accept-encoding: gzip, deflate, br
referer: http://localhost:5173/
content-type: application/json
authorization: Bearer eyJhbGciOiJIUzUxMiJ9.eyJzdWIiOiJ2MjBAa3RoLnNlIiwiZXhwIjoxNjc4NDkxMTA4LCJpYXQiOjE2Nzg0MDQ3MDh9.hUx0cMfqMrguu-moy2L9Fsv17E238blTTa7yJmUR0UdaLULCVPOQn6iJCfMWRCwiDDkSV2lxdb7_Jq4GdhMBIA
origin: http://localhost:5173
dnt: 1
connection: keep-alive
sec-fetch-dest: empty
sec-fetch-mode: cors
sec-fetch-site: same-site


Security filter chain: [
  DisableEncodeUrlFilter
  WebAsyncManagerIntegrationFilter
  SecurityContextHolderFilter
  HeaderWriterFilter
  CorsFilter
  LogoutFilter
  JwtRequestFilter
  BasicAuthenticationFilter
  RequestCacheAwareFilter
  SecurityContextHolderAwareRequestFilter
  AnonymousAuthenticationFilter
  SessionManagementFilter
  ExceptionTranslationFilter
  AuthorizationFilter
]


************************************************************


2023-03-10T00:32:00.411+01:00 DEBUG 24132 --- [http-nio-8080-exec-5] o.s.security.web.FilterChainProxy        : Securing GET /api/person/4028818286c141430186c145d3920000
2023-03-10T00:32:00.460+01:00 DEBUG 24132 --- [http-nio-8080-exec-5] o.s.security.web.FilterChainProxy        : Secured GET /api/person/4028818286c141430186c145d3920000
2023-03-10T00:32:02.094+01:00  INFO 24132 --- [http-nio-8080-exec-6] Spring Security Debugger                 : 

************************************************************

Request received for POST '/api/availability/add':

org.apache.catalina.connector.RequestFacade@63f18a12

servletPath:/api/availability/add
pathInfo:null
headers: 
host: localhost:8080
user-agent: Mozilla/5.0 (Windows NT 10.0; Win64; x64; rv:109.0) Gecko/20100101 Firefox/110.0
accept: */*
accept-language: sv-SE,sv;q=0.8,en-US;q=0.5,en;q=0.3
accept-encoding: gzip, deflate, br
referer: http://localhost:5173/
content-type: application/json
authorization: Bearer eyJhbGciOiJIUzUxMiJ9.eyJzdWIiOiJ2MjBAa3RoLnNlIiwiZXhwIjoxNjc4NDkxMTA4LCJpYXQiOjE2Nzg0MDQ3MDh9.hUx0cMfqMrguu-moy2L9Fsv17E238blTTa7yJmUR0UdaLULCVPOQn6iJCfMWRCwiDDkSV2lxdb7_Jq4GdhMBIA
content-length: 47
origin: http://localhost:5173
dnt: 1
connection: keep-alive
sec-fetch-dest: empty
sec-fetch-mode: cors
sec-fetch-site: same-site


Security filter chain: [
  DisableEncodeUrlFilter
  WebAsyncManagerIntegrationFilter
  SecurityContextHolderFilter
  HeaderWriterFilter
  CorsFilter
  LogoutFilter
  JwtRequestFilter
  BasicAuthenticationFilter
  RequestCacheAwareFilter
  SecurityContextHolderAwareRequestFilter
  AnonymousAuthenticationFilter
  SessionManagementFilter
  ExceptionTranslationFilter
  AuthorizationFilter
]


************************************************************


2023-03-10T00:32:02.108+01:00 DEBUG 24132 --- [http-nio-8080-exec-6] o.s.security.web.FilterChainProxy        : Securing POST /api/availability/add
2023-03-10T00:32:02.155+01:00 DEBUG 24132 --- [http-nio-8080-exec-6] o.s.security.web.FilterChainProxy        : Secured POST /api/availability/add
2023-03-10T00:32:02.192+01:00  INFO 24132 --- [http-nio-8080-exec-7] Spring Security Debugger                 : 

************************************************************

Request received for GET '/api/person/4028818286c141430186c145d3920000':

org.apache.catalina.connector.RequestFacade@1bfc91c

servletPath:/api/person/4028818286c141430186c145d3920000
pathInfo:null
headers: 
host: localhost:8080
user-agent: Mozilla/5.0 (Windows NT 10.0; Win64; x64; rv:109.0) Gecko/20100101 Firefox/110.0
accept: */*
accept-language: sv-SE,sv;q=0.8,en-US;q=0.5,en;q=0.3
accept-encoding: gzip, deflate, br
referer: http://localhost:5173/
content-type: application/json
authorization: Bearer eyJhbGciOiJIUzUxMiJ9.eyJzdWIiOiJ2MjBAa3RoLnNlIiwiZXhwIjoxNjc4NDkxMTA4LCJpYXQiOjE2Nzg0MDQ3MDh9.hUx0cMfqMrguu-moy2L9Fsv17E238blTTa7yJmUR0UdaLULCVPOQn6iJCfMWRCwiDDkSV2lxdb7_Jq4GdhMBIA
origin: http://localhost:5173
dnt: 1
connection: keep-alive
sec-fetch-dest: empty
sec-fetch-mode: cors
sec-fetch-site: same-site


Security filter chain: [
  DisableEncodeUrlFilter
  WebAsyncManagerIntegrationFilter
  SecurityContextHolderFilter
  HeaderWriterFilter
  CorsFilter
  LogoutFilter
  JwtRequestFilter
  BasicAuthenticationFilter
  RequestCacheAwareFilter
  SecurityContextHolderAwareRequestFilter
  AnonymousAuthenticationFilter
  SessionManagementFilter
  ExceptionTranslationFilter
  AuthorizationFilter
]


************************************************************


2023-03-10T00:32:02.205+01:00 DEBUG 24132 --- [http-nio-8080-exec-7] o.s.security.web.FilterChainProxy        : Securing GET /api/person/4028818286c141430186c145d3920000
2023-03-10T00:32:02.229+01:00 DEBUG 24132 --- [http-nio-8080-exec-7] o.s.security.web.FilterChainProxy        : Secured GET /api/person/4028818286c141430186c145d3920000
2023-03-10T00:32:03.989+01:00  INFO 24132 --- [http-nio-8080-exec-9] Spring Security Debugger                 : 

************************************************************

Request received for OPTIONS '/api/availability/remove/4028818286c8a0c90186c8b796f40001':

org.apache.catalina.connector.RequestFacade@6f548717

servletPath:/api/availability/remove/4028818286c8a0c90186c8b796f40001
pathInfo:null
headers: 
host: localhost:8080
user-agent: Mozilla/5.0 (Windows NT 10.0; Win64; x64; rv:109.0) Gecko/20100101 Firefox/110.0
accept: */*
accept-language: sv-SE,sv;q=0.8,en-US;q=0.5,en;q=0.3
accept-encoding: gzip, deflate, br
access-control-request-method: DELETE
access-control-request-headers: authorization,content-type
referer: http://localhost:5173/
origin: http://localhost:5173
dnt: 1
connection: keep-alive
sec-fetch-dest: empty
sec-fetch-mode: cors
sec-fetch-site: same-site


Security filter chain: [
  DisableEncodeUrlFilter
  WebAsyncManagerIntegrationFilter
  SecurityContextHolderFilter
  HeaderWriterFilter
  CorsFilter
  LogoutFilter
  JwtRequestFilter
  BasicAuthenticationFilter
  RequestCacheAwareFilter
  SecurityContextHolderAwareRequestFilter
  AnonymousAuthenticationFilter
  SessionManagementFilter
  ExceptionTranslationFilter
  AuthorizationFilter
]


************************************************************


2023-03-10T00:32:04.006+01:00 DEBUG 24132 --- [http-nio-8080-exec-9] o.s.security.web.FilterChainProxy        : Securing OPTIONS /api/availability/remove/4028818286c8a0c90186c8b796f40001
2023-03-10T00:32:04.018+01:00  INFO 24132 --- [http-nio-8080-exec-9] Spring Security Debugger                 : 

************************************************************

Request received for DELETE '/api/availability/remove/4028818286c8a0c90186c8b796f40001':

org.apache.catalina.connector.RequestFacade@23865936

servletPath:/api/availability/remove/4028818286c8a0c90186c8b796f40001
pathInfo:null
headers: 
host: localhost:8080
user-agent: Mozilla/5.0 (Windows NT 10.0; Win64; x64; rv:109.0) Gecko/20100101 Firefox/110.0
accept: */*
accept-language: sv-SE,sv;q=0.8,en-US;q=0.5,en;q=0.3
accept-encoding: gzip, deflate, br
referer: http://localhost:5173/
content-type: application/json
authorization: Bearer eyJhbGciOiJIUzUxMiJ9.eyJzdWIiOiJ2MjBAa3RoLnNlIiwiZXhwIjoxNjc4NDkxMTA4LCJpYXQiOjE2Nzg0MDQ3MDh9.hUx0cMfqMrguu-moy2L9Fsv17E238blTTa7yJmUR0UdaLULCVPOQn6iJCfMWRCwiDDkSV2lxdb7_Jq4GdhMBIA
origin: http://localhost:5173
dnt: 1
connection: keep-alive
sec-fetch-dest: empty
sec-fetch-mode: cors
sec-fetch-site: same-site


Security filter chain: [
  DisableEncodeUrlFilter
  WebAsyncManagerIntegrationFilter
  SecurityContextHolderFilter
  HeaderWriterFilter
  CorsFilter
  LogoutFilter
  JwtRequestFilter
  BasicAuthenticationFilter
  RequestCacheAwareFilter
  SecurityContextHolderAwareRequestFilter
  AnonymousAuthenticationFilter
  SessionManagementFilter
  ExceptionTranslationFilter
  AuthorizationFilter
]


************************************************************


2023-03-10T00:32:04.032+01:00 DEBUG 24132 --- [http-nio-8080-exec-9] o.s.security.web.FilterChainProxy        : Securing DELETE /api/availability/remove/4028818286c8a0c90186c8b796f40001
2023-03-10T00:32:04.217+01:00 DEBUG 24132 --- [http-nio-8080-exec-9] o.s.security.web.FilterChainProxy        : Secured DELETE /api/availability/remove/4028818286c8a0c90186c8b796f40001
2023-03-10T00:32:04.355+01:00  INFO 24132 --- [http-nio-8080-exec-10] Spring Security Debugger                 : 

************************************************************

Request received for GET '/api/person/4028818286c141430186c145d3920000':

org.apache.catalina.connector.RequestFacade@218b81c8

servletPath:/api/person/4028818286c141430186c145d3920000
pathInfo:null
headers: 
host: localhost:8080
user-agent: Mozilla/5.0 (Windows NT 10.0; Win64; x64; rv:109.0) Gecko/20100101 Firefox/110.0
accept: */*
accept-language: sv-SE,sv;q=0.8,en-US;q=0.5,en;q=0.3
accept-encoding: gzip, deflate, br
referer: http://localhost:5173/
content-type: application/json
authorization: Bearer eyJhbGciOiJIUzUxMiJ9.eyJzdWIiOiJ2MjBAa3RoLnNlIiwiZXhwIjoxNjc4NDkxMTA4LCJpYXQiOjE2Nzg0MDQ3MDh9.hUx0cMfqMrguu-moy2L9Fsv17E238blTTa7yJmUR0UdaLULCVPOQn6iJCfMWRCwiDDkSV2lxdb7_Jq4GdhMBIA
origin: http://localhost:5173
dnt: 1
connection: keep-alive
sec-fetch-dest: empty
sec-fetch-mode: cors
sec-fetch-site: same-site


Security filter chain: [
  DisableEncodeUrlFilter
  WebAsyncManagerIntegrationFilter
  SecurityContextHolderFilter
  HeaderWriterFilter
  CorsFilter
  LogoutFilter
  JwtRequestFilter
  BasicAuthenticationFilter
  RequestCacheAwareFilter
  SecurityContextHolderAwareRequestFilter
  AnonymousAuthenticationFilter
  SessionManagementFilter
  ExceptionTranslationFilter
  AuthorizationFilter
]


************************************************************


2023-03-10T00:32:04.365+01:00 DEBUG 24132 --- [http-nio-8080-exec-10] o.s.security.web.FilterChainProxy        : Securing GET /api/person/4028818286c141430186c145d3920000
2023-03-10T00:32:04.442+01:00 DEBUG 24132 --- [http-nio-8080-exec-10] o.s.security.web.FilterChainProxy        : Secured GET /api/person/4028818286c141430186c145d3920000
2023-03-10T00:32:05.308+01:00  INFO 24132 --- [http-nio-8080-exec-8] Spring Security Debugger                 : 

************************************************************

Request received for OPTIONS '/api/availability/remove/4028818286c8a0c90186c8b78d8a0000':

org.apache.catalina.connector.RequestFacade@382b9744

servletPath:/api/availability/remove/4028818286c8a0c90186c8b78d8a0000
pathInfo:null
headers: 
host: localhost:8080
user-agent: Mozilla/5.0 (Windows NT 10.0; Win64; x64; rv:109.0) Gecko/20100101 Firefox/110.0
accept: */*
accept-language: sv-SE,sv;q=0.8,en-US;q=0.5,en;q=0.3
accept-encoding: gzip, deflate, br
access-control-request-method: DELETE
access-control-request-headers: authorization,content-type
referer: http://localhost:5173/
origin: http://localhost:5173
dnt: 1
connection: keep-alive
sec-fetch-dest: empty
sec-fetch-mode: cors
sec-fetch-site: same-site


Security filter chain: [
  DisableEncodeUrlFilter
  WebAsyncManagerIntegrationFilter
  SecurityContextHolderFilter
  HeaderWriterFilter
  CorsFilter
  LogoutFilter
  JwtRequestFilter
  BasicAuthenticationFilter
  RequestCacheAwareFilter
  SecurityContextHolderAwareRequestFilter
  AnonymousAuthenticationFilter
  SessionManagementFilter
  ExceptionTranslationFilter
  AuthorizationFilter
]


************************************************************


2023-03-10T00:32:05.335+01:00 DEBUG 24132 --- [http-nio-8080-exec-8] o.s.security.web.FilterChainProxy        : Securing OPTIONS /api/availability/remove/4028818286c8a0c90186c8b78d8a0000
2023-03-10T00:32:05.375+01:00  INFO 24132 --- [http-nio-8080-exec-1] Spring Security Debugger                 : 

************************************************************

Request received for DELETE '/api/availability/remove/4028818286c8a0c90186c8b78d8a0000':

org.apache.catalina.connector.RequestFacade@122c5418

servletPath:/api/availability/remove/4028818286c8a0c90186c8b78d8a0000
pathInfo:null
headers: 
host: localhost:8080
user-agent: Mozilla/5.0 (Windows NT 10.0; Win64; x64; rv:109.0) Gecko/20100101 Firefox/110.0
accept: */*
accept-language: sv-SE,sv;q=0.8,en-US;q=0.5,en;q=0.3
accept-encoding: gzip, deflate, br
referer: http://localhost:5173/
content-type: application/json
authorization: Bearer eyJhbGciOiJIUzUxMiJ9.eyJzdWIiOiJ2MjBAa3RoLnNlIiwiZXhwIjoxNjc4NDkxMTA4LCJpYXQiOjE2Nzg0MDQ3MDh9.hUx0cMfqMrguu-moy2L9Fsv17E238blTTa7yJmUR0UdaLULCVPOQn6iJCfMWRCwiDDkSV2lxdb7_Jq4GdhMBIA
origin: http://localhost:5173
dnt: 1
connection: keep-alive
sec-fetch-dest: empty
sec-fetch-mode: cors
sec-fetch-site: same-site


Security filter chain: [
  DisableEncodeUrlFilter
  WebAsyncManagerIntegrationFilter
  SecurityContextHolderFilter
  HeaderWriterFilter
  CorsFilter
  LogoutFilter
  JwtRequestFilter
  BasicAuthenticationFilter
  RequestCacheAwareFilter
  SecurityContextHolderAwareRequestFilter
  AnonymousAuthenticationFilter
  SessionManagementFilter
  ExceptionTranslationFilter
  AuthorizationFilter
]


************************************************************


2023-03-10T00:32:05.399+01:00 DEBUG 24132 --- [http-nio-8080-exec-1] o.s.security.web.FilterChainProxy        : Securing DELETE /api/availability/remove/4028818286c8a0c90186c8b78d8a0000
2023-03-10T00:32:05.446+01:00 DEBUG 24132 --- [http-nio-8080-exec-1] o.s.security.web.FilterChainProxy        : Secured DELETE /api/availability/remove/4028818286c8a0c90186c8b78d8a0000
2023-03-10T00:32:05.501+01:00  INFO 24132 --- [http-nio-8080-exec-3] Spring Security Debugger                 : 

************************************************************

Request received for GET '/api/person/4028818286c141430186c145d3920000':

org.apache.catalina.connector.RequestFacade@7d50a48a

servletPath:/api/person/4028818286c141430186c145d3920000
pathInfo:null
headers: 
host: localhost:8080
user-agent: Mozilla/5.0 (Windows NT 10.0; Win64; x64; rv:109.0) Gecko/20100101 Firefox/110.0
accept: */*
accept-language: sv-SE,sv;q=0.8,en-US;q=0.5,en;q=0.3
accept-encoding: gzip, deflate, br
referer: http://localhost:5173/
content-type: application/json
authorization: Bearer eyJhbGciOiJIUzUxMiJ9.eyJzdWIiOiJ2MjBAa3RoLnNlIiwiZXhwIjoxNjc4NDkxMTA4LCJpYXQiOjE2Nzg0MDQ3MDh9.hUx0cMfqMrguu-moy2L9Fsv17E238blTTa7yJmUR0UdaLULCVPOQn6iJCfMWRCwiDDkSV2lxdb7_Jq4GdhMBIA
origin: http://localhost:5173
dnt: 1
connection: keep-alive
sec-fetch-dest: empty
sec-fetch-mode: cors
sec-fetch-site: same-site


Security filter chain: [
  DisableEncodeUrlFilter
  WebAsyncManagerIntegrationFilter
  SecurityContextHolderFilter
  HeaderWriterFilter
  CorsFilter
  LogoutFilter
  JwtRequestFilter
  BasicAuthenticationFilter
  RequestCacheAwareFilter
  SecurityContextHolderAwareRequestFilter
  AnonymousAuthenticationFilter
  SessionManagementFilter
  ExceptionTranslationFilter
  AuthorizationFilter
]


************************************************************


2023-03-10T00:32:05.507+01:00 DEBUG 24132 --- [http-nio-8080-exec-3] o.s.security.web.FilterChainProxy        : Securing GET /api/person/4028818286c141430186c145d3920000
2023-03-10T00:32:05.529+01:00 DEBUG 24132 --- [http-nio-8080-exec-3] o.s.security.web.FilterChainProxy        : Secured GET /api/person/4028818286c141430186c145d3920000
2023-03-10T00:32:06.706+01:00  INFO 24132 --- [http-nio-8080-exec-4] Spring Security Debugger                 : 

************************************************************

Request received for OPTIONS '/api/availability/remove/4028818286c141430186c29662150004':

org.apache.catalina.connector.RequestFacade@4e984dea

servletPath:/api/availability/remove/4028818286c141430186c29662150004
pathInfo:null
headers: 
host: localhost:8080
user-agent: Mozilla/5.0 (Windows NT 10.0; Win64; x64; rv:109.0) Gecko/20100101 Firefox/110.0
accept: */*
accept-language: sv-SE,sv;q=0.8,en-US;q=0.5,en;q=0.3
accept-encoding: gzip, deflate, br
access-control-request-method: DELETE
access-control-request-headers: authorization,content-type
referer: http://localhost:5173/
origin: http://localhost:5173
dnt: 1
connection: keep-alive
sec-fetch-dest: empty
sec-fetch-mode: cors
sec-fetch-site: same-site


Security filter chain: [
  DisableEncodeUrlFilter
  WebAsyncManagerIntegrationFilter
  SecurityContextHolderFilter
  HeaderWriterFilter
  CorsFilter
  LogoutFilter
  JwtRequestFilter
  BasicAuthenticationFilter
  RequestCacheAwareFilter
  SecurityContextHolderAwareRequestFilter
  AnonymousAuthenticationFilter
  SessionManagementFilter
  ExceptionTranslationFilter
  AuthorizationFilter
]


************************************************************


2023-03-10T00:32:06.719+01:00 DEBUG 24132 --- [http-nio-8080-exec-4] o.s.security.web.FilterChainProxy        : Securing OPTIONS /api/availability/remove/4028818286c141430186c29662150004
2023-03-10T00:32:06.741+01:00  INFO 24132 --- [http-nio-8080-exec-2] Spring Security Debugger                 : 

************************************************************

Request received for DELETE '/api/availability/remove/4028818286c141430186c29662150004':

org.apache.catalina.connector.RequestFacade@7563daf7

servletPath:/api/availability/remove/4028818286c141430186c29662150004
pathInfo:null
headers: 
host: localhost:8080
user-agent: Mozilla/5.0 (Windows NT 10.0; Win64; x64; rv:109.0) Gecko/20100101 Firefox/110.0
accept: */*
accept-language: sv-SE,sv;q=0.8,en-US;q=0.5,en;q=0.3
accept-encoding: gzip, deflate, br
referer: http://localhost:5173/
content-type: application/json
authorization: Bearer eyJhbGciOiJIUzUxMiJ9.eyJzdWIiOiJ2MjBAa3RoLnNlIiwiZXhwIjoxNjc4NDkxMTA4LCJpYXQiOjE2Nzg0MDQ3MDh9.hUx0cMfqMrguu-moy2L9Fsv17E238blTTa7yJmUR0UdaLULCVPOQn6iJCfMWRCwiDDkSV2lxdb7_Jq4GdhMBIA
origin: http://localhost:5173
dnt: 1
connection: keep-alive
sec-fetch-dest: empty
sec-fetch-mode: cors
sec-fetch-site: same-site


Security filter chain: [
  DisableEncodeUrlFilter
  WebAsyncManagerIntegrationFilter
  SecurityContextHolderFilter
  HeaderWriterFilter
  CorsFilter
  LogoutFilter
  JwtRequestFilter
  BasicAuthenticationFilter
  RequestCacheAwareFilter
  SecurityContextHolderAwareRequestFilter
  AnonymousAuthenticationFilter
  SessionManagementFilter
  ExceptionTranslationFilter
  AuthorizationFilter
]


************************************************************


2023-03-10T00:32:06.754+01:00 DEBUG 24132 --- [http-nio-8080-exec-2] o.s.security.web.FilterChainProxy        : Securing DELETE /api/availability/remove/4028818286c141430186c29662150004
2023-03-10T00:32:06.790+01:00 DEBUG 24132 --- [http-nio-8080-exec-2] o.s.security.web.FilterChainProxy        : Secured DELETE /api/availability/remove/4028818286c141430186c29662150004
2023-03-10T00:32:06.836+01:00  INFO 24132 --- [http-nio-8080-exec-5] Spring Security Debugger                 : 

************************************************************

Request received for GET '/api/person/4028818286c141430186c145d3920000':

org.apache.catalina.connector.RequestFacade@1edd0d21

servletPath:/api/person/4028818286c141430186c145d3920000
pathInfo:null
headers: 
host: localhost:8080
user-agent: Mozilla/5.0 (Windows NT 10.0; Win64; x64; rv:109.0) Gecko/20100101 Firefox/110.0
accept: */*
accept-language: sv-SE,sv;q=0.8,en-US;q=0.5,en;q=0.3
accept-encoding: gzip, deflate, br
referer: http://localhost:5173/
content-type: application/json
authorization: Bearer eyJhbGciOiJIUzUxMiJ9.eyJzdWIiOiJ2MjBAa3RoLnNlIiwiZXhwIjoxNjc4NDkxMTA4LCJpYXQiOjE2Nzg0MDQ3MDh9.hUx0cMfqMrguu-moy2L9Fsv17E238blTTa7yJmUR0UdaLULCVPOQn6iJCfMWRCwiDDkSV2lxdb7_Jq4GdhMBIA
origin: http://localhost:5173
dnt: 1
connection: keep-alive
sec-fetch-dest: empty
sec-fetch-mode: cors
sec-fetch-site: same-site


Security filter chain: [
  DisableEncodeUrlFilter
  WebAsyncManagerIntegrationFilter
  SecurityContextHolderFilter
  HeaderWriterFilter
  CorsFilter
  LogoutFilter
  JwtRequestFilter
  BasicAuthenticationFilter
  RequestCacheAwareFilter
  SecurityContextHolderAwareRequestFilter
  AnonymousAuthenticationFilter
  SessionManagementFilter
  ExceptionTranslationFilter
  AuthorizationFilter
]


************************************************************


2023-03-10T00:32:06.847+01:00 DEBUG 24132 --- [http-nio-8080-exec-5] o.s.security.web.FilterChainProxy        : Securing GET /api/person/4028818286c141430186c145d3920000
2023-03-10T00:32:06.870+01:00 DEBUG 24132 --- [http-nio-8080-exec-5] o.s.security.web.FilterChainProxy        : Secured GET /api/person/4028818286c141430186c145d3920000
2023-03-10T00:32:09.380+01:00  INFO 24132 --- [http-nio-8080-exec-6] Spring Security Debugger                 : 

************************************************************

Request received for OPTIONS '/api/application/delete/4028818286c141430186c2961d2a0003':

org.apache.catalina.connector.RequestFacade@31ec77ba

servletPath:/api/application/delete/4028818286c141430186c2961d2a0003
pathInfo:null
headers: 
host: localhost:8080
user-agent: Mozilla/5.0 (Windows NT 10.0; Win64; x64; rv:109.0) Gecko/20100101 Firefox/110.0
accept: */*
accept-language: sv-SE,sv;q=0.8,en-US;q=0.5,en;q=0.3
accept-encoding: gzip, deflate, br
access-control-request-method: DELETE
access-control-request-headers: authorization,content-type
referer: http://localhost:5173/
origin: http://localhost:5173
dnt: 1
connection: keep-alive
sec-fetch-dest: empty
sec-fetch-mode: cors
sec-fetch-site: same-site


Security filter chain: [
  DisableEncodeUrlFilter
  WebAsyncManagerIntegrationFilter
  SecurityContextHolderFilter
  HeaderWriterFilter
  CorsFilter
  LogoutFilter
  JwtRequestFilter
  BasicAuthenticationFilter
  RequestCacheAwareFilter
  SecurityContextHolderAwareRequestFilter
  AnonymousAuthenticationFilter
  SessionManagementFilter
  ExceptionTranslationFilter
  AuthorizationFilter
]


************************************************************


2023-03-10T00:32:09.404+01:00 DEBUG 24132 --- [http-nio-8080-exec-6] o.s.security.web.FilterChainProxy        : Securing OPTIONS /api/application/delete/4028818286c141430186c2961d2a0003
2023-03-10T00:32:09.435+01:00  INFO 24132 --- [http-nio-8080-exec-6] Spring Security Debugger                 : 

************************************************************

Request received for DELETE '/api/application/delete/4028818286c141430186c2961d2a0003':

org.apache.catalina.connector.RequestFacade@354b7757

servletPath:/api/application/delete/4028818286c141430186c2961d2a0003
pathInfo:null
headers: 
host: localhost:8080
user-agent: Mozilla/5.0 (Windows NT 10.0; Win64; x64; rv:109.0) Gecko/20100101 Firefox/110.0
accept: */*
accept-language: sv-SE,sv;q=0.8,en-US;q=0.5,en;q=0.3
accept-encoding: gzip, deflate, br
referer: http://localhost:5173/
content-type: application/json
authorization: Bearer eyJhbGciOiJIUzUxMiJ9.eyJzdWIiOiJ2MjBAa3RoLnNlIiwiZXhwIjoxNjc4NDkxMTA4LCJpYXQiOjE2Nzg0MDQ3MDh9.hUx0cMfqMrguu-moy2L9Fsv17E238blTTa7yJmUR0UdaLULCVPOQn6iJCfMWRCwiDDkSV2lxdb7_Jq4GdhMBIA
origin: http://localhost:5173
dnt: 1
connection: keep-alive
sec-fetch-dest: empty
sec-fetch-mode: cors
sec-fetch-site: same-site


Security filter chain: [
  DisableEncodeUrlFilter
  WebAsyncManagerIntegrationFilter
  SecurityContextHolderFilter
  HeaderWriterFilter
  CorsFilter
  LogoutFilter
  JwtRequestFilter
  BasicAuthenticationFilter
  RequestCacheAwareFilter
  SecurityContextHolderAwareRequestFilter
  AnonymousAuthenticationFilter
  SessionManagementFilter
  ExceptionTranslationFilter
  AuthorizationFilter
]


************************************************************


2023-03-10T00:32:09.460+01:00 DEBUG 24132 --- [http-nio-8080-exec-6] o.s.security.web.FilterChainProxy        : Securing DELETE /api/application/delete/4028818286c141430186c2961d2a0003
2023-03-10T00:32:09.546+01:00 DEBUG 24132 --- [http-nio-8080-exec-6] o.s.security.web.FilterChainProxy        : Secured DELETE /api/application/delete/4028818286c141430186c2961d2a0003
2023-03-10T00:32:09.759+01:00  INFO 24132 --- [http-nio-8080-exec-7] Spring Security Debugger                 : 

************************************************************

Request received for GET '/api/application/get':

org.apache.catalina.connector.RequestFacade@2c3f2482

servletPath:/api/application/get
pathInfo:null
headers: 
host: localhost:8080
user-agent: Mozilla/5.0 (Windows NT 10.0; Win64; x64; rv:109.0) Gecko/20100101 Firefox/110.0
accept: */*
accept-language: sv-SE,sv;q=0.8,en-US;q=0.5,en;q=0.3
accept-encoding: gzip, deflate, br
referer: http://localhost:5173/
content-type: application/json
authorization: Bearer eyJhbGciOiJIUzUxMiJ9.eyJzdWIiOiJ2MjBAa3RoLnNlIiwiZXhwIjoxNjc4NDkxMTA4LCJpYXQiOjE2Nzg0MDQ3MDh9.hUx0cMfqMrguu-moy2L9Fsv17E238blTTa7yJmUR0UdaLULCVPOQn6iJCfMWRCwiDDkSV2lxdb7_Jq4GdhMBIA
origin: http://localhost:5173
dnt: 1
connection: keep-alive
sec-fetch-dest: empty
sec-fetch-mode: cors
sec-fetch-site: same-site


Security filter chain: [
  DisableEncodeUrlFilter
  WebAsyncManagerIntegrationFilter
  SecurityContextHolderFilter
  HeaderWriterFilter
  CorsFilter
  LogoutFilter
  JwtRequestFilter
  BasicAuthenticationFilter
  RequestCacheAwareFilter
  SecurityContextHolderAwareRequestFilter
  AnonymousAuthenticationFilter
  SessionManagementFilter
  ExceptionTranslationFilter
  AuthorizationFilter
]


************************************************************


2023-03-10T00:32:09.771+01:00 DEBUG 24132 --- [http-nio-8080-exec-7] o.s.security.web.FilterChainProxy        : Securing GET /api/application/get
2023-03-10T00:32:09.819+01:00 DEBUG 24132 --- [http-nio-8080-exec-7] o.s.security.web.FilterChainProxy        : Secured GET /api/application/get
2023-03-10T00:34:27.844+01:00  INFO 24132 --- [http-nio-8080-exec-3] Spring Security Debugger                 : 

************************************************************

Request received for GET '/api/competences':

org.apache.catalina.connector.RequestFacade@70d376d4

servletPath:/api/competences
pathInfo:null
headers: 
host: localhost:8080
user-agent: Mozilla/5.0 (Windows NT 10.0; Win64; x64; rv:109.0) Gecko/20100101 Firefox/110.0
accept: */*
accept-language: sv-SE,sv;q=0.8,en-US;q=0.5,en;q=0.3
accept-encoding: gzip, deflate, br
referer: http://localhost:5173/
origin: http://localhost:5173
dnt: 1
connection: keep-alive
sec-fetch-dest: empty
sec-fetch-mode: cors
sec-fetch-site: same-site


Security filter chain: [
  DisableEncodeUrlFilter
  WebAsyncManagerIntegrationFilter
  SecurityContextHolderFilter
  HeaderWriterFilter
  CorsFilter
  LogoutFilter
  JwtRequestFilter
  BasicAuthenticationFilter
  RequestCacheAwareFilter
  SecurityContextHolderAwareRequestFilter
  AnonymousAuthenticationFilter
  SessionManagementFilter
  ExceptionTranslationFilter
  AuthorizationFilter
]


************************************************************


2023-03-10T00:34:27.845+01:00  INFO 24132 --- [http-nio-8080-exec-4] Spring Security Debugger                 : 

************************************************************

Request received for GET '/api/application/get':

org.apache.catalina.connector.RequestFacade@32654516

servletPath:/api/application/get
pathInfo:null
headers: 
host: localhost:8080
user-agent: Mozilla/5.0 (Windows NT 10.0; Win64; x64; rv:109.0) Gecko/20100101 Firefox/110.0
accept: */*
accept-language: sv-SE,sv;q=0.8,en-US;q=0.5,en;q=0.3
accept-encoding: gzip, deflate, br
referer: http://localhost:5173/
content-type: application/json
authorization: Bearer eyJhbGciOiJIUzUxMiJ9.eyJzdWIiOiJ2MjBAa3RoLnNlIiwiZXhwIjoxNjc4NDkxMTA4LCJpYXQiOjE2Nzg0MDQ3MDh9.hUx0cMfqMrguu-moy2L9Fsv17E238blTTa7yJmUR0UdaLULCVPOQn6iJCfMWRCwiDDkSV2lxdb7_Jq4GdhMBIA
origin: http://localhost:5173
dnt: 1
connection: keep-alive
sec-fetch-dest: empty
sec-fetch-mode: cors
sec-fetch-site: same-site


Security filter chain: [
  DisableEncodeUrlFilter
  WebAsyncManagerIntegrationFilter
  SecurityContextHolderFilter
  HeaderWriterFilter
  CorsFilter
  LogoutFilter
  JwtRequestFilter
  BasicAuthenticationFilter
  RequestCacheAwareFilter
  SecurityContextHolderAwareRequestFilter
  AnonymousAuthenticationFilter
  SessionManagementFilter
  ExceptionTranslationFilter
  AuthorizationFilter
]


************************************************************


2023-03-10T00:34:27.867+01:00 DEBUG 24132 --- [http-nio-8080-exec-3] o.s.security.web.FilterChainProxy        : Securing GET /api/competences
2023-03-10T00:34:27.879+01:00  INFO 24132 --- [http-nio-8080-exec-2] Spring Security Debugger                 : 

************************************************************

Request received for GET '/api/competences':

org.apache.catalina.connector.RequestFacade@63a2996f

servletPath:/api/competences
pathInfo:null
headers: 
host: localhost:8080
user-agent: Mozilla/5.0 (Windows NT 10.0; Win64; x64; rv:109.0) Gecko/20100101 Firefox/110.0
accept: */*
accept-language: sv-SE,sv;q=0.8,en-US;q=0.5,en;q=0.3
accept-encoding: gzip, deflate, br
referer: http://localhost:5173/
origin: http://localhost:5173
dnt: 1
connection: keep-alive
sec-fetch-dest: empty
sec-fetch-mode: cors
sec-fetch-site: same-site


Security filter chain: [
  DisableEncodeUrlFilter
  WebAsyncManagerIntegrationFilter
  SecurityContextHolderFilter
  HeaderWriterFilter
  CorsFilter
  LogoutFilter
  JwtRequestFilter
  BasicAuthenticationFilter
  RequestCacheAwareFilter
  SecurityContextHolderAwareRequestFilter
  AnonymousAuthenticationFilter
  SessionManagementFilter
  ExceptionTranslationFilter
  AuthorizationFilter
]


************************************************************


2023-03-10T00:34:27.880+01:00  INFO 24132 --- [http-nio-8080-exec-5] Spring Security Debugger                 : 

************************************************************

Request received for GET '/api/application/get':

org.apache.catalina.connector.RequestFacade@47df09b8

servletPath:/api/application/get
pathInfo:null
headers: 
host: localhost:8080
user-agent: Mozilla/5.0 (Windows NT 10.0; Win64; x64; rv:109.0) Gecko/20100101 Firefox/110.0
accept: */*
accept-language: sv-SE,sv;q=0.8,en-US;q=0.5,en;q=0.3
accept-encoding: gzip, deflate, br
referer: http://localhost:5173/
content-type: application/json
authorization: Bearer eyJhbGciOiJIUzUxMiJ9.eyJzdWIiOiJ2MjBAa3RoLnNlIiwiZXhwIjoxNjc4NDkxMTA4LCJpYXQiOjE2Nzg0MDQ3MDh9.hUx0cMfqMrguu-moy2L9Fsv17E238blTTa7yJmUR0UdaLULCVPOQn6iJCfMWRCwiDDkSV2lxdb7_Jq4GdhMBIA
origin: http://localhost:5173
dnt: 1
connection: keep-alive
sec-fetch-dest: empty
sec-fetch-mode: cors
sec-fetch-site: same-site


Security filter chain: [
  DisableEncodeUrlFilter
  WebAsyncManagerIntegrationFilter
  SecurityContextHolderFilter
  HeaderWriterFilter
  CorsFilter
  LogoutFilter
  JwtRequestFilter
  BasicAuthenticationFilter
  RequestCacheAwareFilter
  SecurityContextHolderAwareRequestFilter
  AnonymousAuthenticationFilter
  SessionManagementFilter
  ExceptionTranslationFilter
  AuthorizationFilter
]


************************************************************


2023-03-10T00:34:27.868+01:00 DEBUG 24132 --- [http-nio-8080-exec-4] o.s.security.web.FilterChainProxy        : Securing GET /api/application/get
2023-03-10T00:34:27.914+01:00 DEBUG 24132 --- [http-nio-8080-exec-3] o.s.s.w.a.AnonymousAuthenticationFilter  : Set SecurityContextHolder to anonymous SecurityContext
2023-03-10T00:34:27.907+01:00 DEBUG 24132 --- [http-nio-8080-exec-2] o.s.security.web.FilterChainProxy        : Securing GET /api/competences
2023-03-10T00:34:27.953+01:00 DEBUG 24132 --- [http-nio-8080-exec-2] o.s.s.w.a.AnonymousAuthenticationFilter  : Set SecurityContextHolder to anonymous SecurityContext
2023-03-10T00:34:27.954+01:00 DEBUG 24132 --- [http-nio-8080-exec-3] o.s.security.web.FilterChainProxy        : Secured GET /api/competences
2023-03-10T00:34:28.005+01:00 DEBUG 24132 --- [http-nio-8080-exec-2] o.s.security.web.FilterChainProxy        : Secured GET /api/competences
2023-03-10T00:34:27.915+01:00 DEBUG 24132 --- [http-nio-8080-exec-5] o.s.security.web.FilterChainProxy        : Securing GET /api/application/get
2023-03-10T00:34:28.099+01:00 DEBUG 24132 --- [http-nio-8080-exec-4] o.s.security.web.FilterChainProxy        : Secured GET /api/application/get
2023-03-10T00:34:28.140+01:00 DEBUG 24132 --- [http-nio-8080-exec-5] o.s.security.web.FilterChainProxy        : Secured GET /api/application/get
2023-03-10T00:34:48.188+01:00  INFO 24132 --- [http-nio-8080-exec-6] Spring Security Debugger                 : 

************************************************************

Request received for OPTIONS '/api/create/competenceProfile':

org.apache.catalina.connector.RequestFacade@340fab82

servletPath:/api/create/competenceProfile
pathInfo:null
headers: 
host: localhost:8080
user-agent: Mozilla/5.0 (Windows NT 10.0; Win64; x64; rv:109.0) Gecko/20100101 Firefox/110.0
accept: */*
accept-language: sv-SE,sv;q=0.8,en-US;q=0.5,en;q=0.3
accept-encoding: gzip, deflate, br
access-control-request-method: POST
access-control-request-headers: authorization,content-type
referer: http://localhost:5173/
origin: http://localhost:5173
dnt: 1
connection: keep-alive
sec-fetch-dest: empty
sec-fetch-mode: cors
sec-fetch-site: same-site


Security filter chain: [
  DisableEncodeUrlFilter
  WebAsyncManagerIntegrationFilter
  SecurityContextHolderFilter
  HeaderWriterFilter
  CorsFilter
  LogoutFilter
  JwtRequestFilter
  BasicAuthenticationFilter
  RequestCacheAwareFilter
  SecurityContextHolderAwareRequestFilter
  AnonymousAuthenticationFilter
  SessionManagementFilter
  ExceptionTranslationFilter
  AuthorizationFilter
]


************************************************************


2023-03-10T00:34:48.203+01:00 DEBUG 24132 --- [http-nio-8080-exec-6] o.s.security.web.FilterChainProxy        : Securing OPTIONS /api/create/competenceProfile
2023-03-10T00:34:48.212+01:00  INFO 24132 --- [http-nio-8080-exec-7] Spring Security Debugger                 : 

************************************************************

Request received for POST '/api/create/competenceProfile':

org.apache.catalina.connector.RequestFacade@2b384b9a

servletPath:/api/create/competenceProfile
pathInfo:null
headers: 
host: localhost:8080
user-agent: Mozilla/5.0 (Windows NT 10.0; Win64; x64; rv:109.0) Gecko/20100101 Firefox/110.0
accept: */*
accept-language: sv-SE,sv;q=0.8,en-US;q=0.5,en;q=0.3
accept-encoding: gzip, deflate, br
referer: http://localhost:5173/
content-type: application/json
authorization: Bearer eyJhbGciOiJIUzUxMiJ9.eyJzdWIiOiJ2MjBAa3RoLnNlIiwiZXhwIjoxNjc4NDkxMTA4LCJpYXQiOjE2Nzg0MDQ3MDh9.hUx0cMfqMrguu-moy2L9Fsv17E238blTTa7yJmUR0UdaLULCVPOQn6iJCfMWRCwiDDkSV2lxdb7_Jq4GdhMBIA
content-length: 63
origin: http://localhost:5173
dnt: 1
connection: keep-alive
sec-fetch-dest: empty
sec-fetch-mode: cors
sec-fetch-site: same-site


Security filter chain: [
  DisableEncodeUrlFilter
  WebAsyncManagerIntegrationFilter
  SecurityContextHolderFilter
  HeaderWriterFilter
  CorsFilter
  LogoutFilter
  JwtRequestFilter
  BasicAuthenticationFilter
  RequestCacheAwareFilter
  SecurityContextHolderAwareRequestFilter
  AnonymousAuthenticationFilter
  SessionManagementFilter
  ExceptionTranslationFilter
  AuthorizationFilter
]


************************************************************


2023-03-10T00:34:48.221+01:00 DEBUG 24132 --- [http-nio-8080-exec-7] o.s.security.web.FilterChainProxy        : Securing POST /api/create/competenceProfile
2023-03-10T00:34:48.332+01:00 DEBUG 24132 --- [http-nio-8080-exec-7] o.s.security.web.FilterChainProxy        : Secured POST /api/create/competenceProfile
2023-03-10T00:34:48.467+01:00  INFO 24132 --- [http-nio-8080-exec-10] Spring Security Debugger                 : 

************************************************************

Request received for GET '/api/person/4028818286c141430186c145d3920000':

org.apache.catalina.connector.RequestFacade@6c611db2

servletPath:/api/person/4028818286c141430186c145d3920000
pathInfo:null
headers: 
host: localhost:8080
user-agent: Mozilla/5.0 (Windows NT 10.0; Win64; x64; rv:109.0) Gecko/20100101 Firefox/110.0
accept: */*
accept-language: sv-SE,sv;q=0.8,en-US;q=0.5,en;q=0.3
accept-encoding: gzip, deflate, br
referer: http://localhost:5173/
content-type: application/json
authorization: Bearer eyJhbGciOiJIUzUxMiJ9.eyJzdWIiOiJ2MjBAa3RoLnNlIiwiZXhwIjoxNjc4NDkxMTA4LCJpYXQiOjE2Nzg0MDQ3MDh9.hUx0cMfqMrguu-moy2L9Fsv17E238blTTa7yJmUR0UdaLULCVPOQn6iJCfMWRCwiDDkSV2lxdb7_Jq4GdhMBIA
origin: http://localhost:5173
dnt: 1
connection: keep-alive
sec-fetch-dest: empty
sec-fetch-mode: cors
sec-fetch-site: same-site


Security filter chain: [
  DisableEncodeUrlFilter
  WebAsyncManagerIntegrationFilter
  SecurityContextHolderFilter
  HeaderWriterFilter
  CorsFilter
  LogoutFilter
  JwtRequestFilter
  BasicAuthenticationFilter
  RequestCacheAwareFilter
  SecurityContextHolderAwareRequestFilter
  AnonymousAuthenticationFilter
  SessionManagementFilter
  ExceptionTranslationFilter
  AuthorizationFilter
]


************************************************************


2023-03-10T00:34:48.481+01:00 DEBUG 24132 --- [http-nio-8080-exec-10] o.s.security.web.FilterChainProxy        : Securing GET /api/person/4028818286c141430186c145d3920000
2023-03-10T00:34:48.651+01:00 DEBUG 24132 --- [http-nio-8080-exec-10] o.s.security.web.FilterChainProxy        : Secured GET /api/person/4028818286c141430186c145d3920000
